<?xml version="1.0" encoding="UTF-8"?>
<testsuite xmlns:xsi="http://www.w3.org/2001/XMLSchema-instance" xsi:noNamespaceSchemaLocation="https://maven.apache.org/surefire/maven-surefire-plugin/xsd/surefire-test-report-3.0.xsd" version="3.0" name="com.svlms.LmsWorkflowIntegrationTest" time="21.916" tests="5" errors="0" skipped="0" failures="0">
  <properties>
[...]
</properties>
  <testcase name="fullWorkflow_leadToStudentDashboard_worksEndToEnd" classname="com.svlms.LmsWorkflowIntegrationTest" time="3.431">
    <system-out><![CDATA[15:39:06.592 [main] INFO org.springframework.test.context.support.AnnotationConfigContextLoaderUtils -- Could not detect default configuration classes for test class [com.svlms.LmsWorkflowIntegrationTest]: LmsWorkflowIntegrationTest does not declare any static, non-private, non-final, nested classes annotated with @Configuration.
15:39:06.890 [main] INFO org.springframework.boot.test.context.SpringBootTestContextBootstrapper -- Found @SpringBootConfiguration com.svlms.SvLmsApplication for test class com.svlms.LmsWorkflowIntegrationTest

  .   ____          _            __ _ _
 /\\ / ___'_ __ _ _(_)_ __  __ _ \ \ \ \
( ( )\___ | '_ | '_| | '_ \/ _` | \ \ \ \
 \\/  ___)| |_)| | | | | || (_| |  ) ) ) )
  '  |____| .__|_| |_|_| |_\__, | / / / /
 =========|_|==============|___/=/_/_/_/

 :: Spring Boot ::                (v3.3.4)

2026-08-18T15:39:08.417+05:30  INFO 1832 --- [           main] com.svlms.LmsWorkflowIntegrationTest     : Starting LmsWorkflowIntegrationTest using Java 17.0.12 with PID 1832 (started by njpph in C:\Users\njpph\Downloads\sv-lms-fullstack\sv-lms-fullstack\sv-lms-backend)
2026-08-18T15:39:08.420+05:30  INFO 1832 --- [           main] com.svlms.LmsWorkflowIntegrationTest     : The following 1 profile is active: "test"
2026-08-18T15:39:08.421+05:30 DEBUG 1832 --- [           main] o.s.boot.SpringApplication               : Loading source class com.svlms.SvLmsApplication
2026-08-18T15:39:08.472+05:30 DEBUG 1832 --- [           main] o.s.w.c.s.GenericWebApplicationContext   : Refreshing org.springframework.web.context.support.GenericWebApplicationContext@7dcc91fd
2026-08-18T15:39:10.421+05:30  INFO 1832 --- [           main] .s.d.r.c.RepositoryConfigurationDelegate : Bootstrapping Spring Data JPA repositories in DEFAULT mode.
2026-08-18T15:39:10.460+05:30 DEBUG 1832 --- [           main] o.s.b.a.AutoConfigurationPackages        : @EnableAutoConfiguration was declared on a class in the package 'com.svlms'. Automatic @Repository and @Entity scanning is enabled.
2026-08-18T15:39:10.589+05:30  INFO 1832 --- [           main] .s.d.r.c.RepositoryConfigurationDelegate : Finished Spring Data repository scanning in 150 ms. Found 12 JPA repository interfaces.
2026-08-18T15:39:12.337+05:30  INFO 1832 --- [           main] o.hibernate.jpa.internal.util.LogHelper  : HHH000204: Processing PersistenceUnitInfo [name: default]
2026-08-18T15:39:12.600+05:30  INFO 1832 --- [           main] org.hibernate.Version                    : HHH000412: Hibernate ORM core version 6.5.3.Final
2026-08-18T15:39:12.710+05:30  INFO 1832 --- [           main] o.h.c.internal.RegionFactoryInitiator    : HHH000026: Second-level cache disabled
2026-08-18T15:39:13.757+05:30  INFO 1832 --- [           main] o.s.o.j.p.SpringPersistenceUnitInfo      : No LoadTimeWeaver setup: ignoring JPA class transformer
2026-08-18T15:39:13.823+05:30  INFO 1832 --- [           main] com.zaxxer.hikari.HikariDataSource       : HikariPool-1 - Starting...
2026-08-18T15:39:14.187+05:30  INFO 1832 --- [           main] com.zaxxer.hikari.pool.HikariPool        : HikariPool-1 - Added connection conn0: url=jdbc:h2:mem:svlms_test user=SA
2026-08-18T15:39:14.189+05:30  INFO 1832 --- [           main] com.zaxxer.hikari.HikariDataSource       : HikariPool-1 - Start completed.
2026-08-18T15:39:14.243+05:30  WARN 1832 --- [           main] org.hibernate.orm.deprecation            : HHH90000025: H2Dialect does not need to be specified explicitly using 'hibernate.dialect' (remove the property setting and it will be selected by default)
2026-08-18T15:39:15.990+05:30  INFO 1832 --- [           main] o.h.e.t.j.p.i.JtaPlatformInitiator       : HHH000489: No JTA platform available (set 'hibernate.transaction.jta.platform' to enable JTA platform integration)
2026-08-18T15:39:16.020+05:30 DEBUG 1832 --- [           main] org.hibernate.SQL                        : 
    drop table if exists attendance cascade 
2026-08-18T15:39:16.025+05:30 DEBUG 1832 --- [           main] org.hibernate.SQL                        : 
    drop table if exists batch_students cascade 
2026-08-18T15:39:16.026+05:30 DEBUG 1832 --- [           main] org.hibernate.SQL                        : 
    drop table if exists batches cascade 
2026-08-18T15:39:16.026+05:30 DEBUG 1832 --- [           main] org.hibernate.SQL                        : 
    drop table if exists content cascade 
2026-08-18T15:39:16.026+05:30 DEBUG 1832 --- [           main] org.hibernate.SQL                        : 
    drop table if exists courses cascade 
2026-08-18T15:39:16.026+05:30 DEBUG 1832 --- [           main] org.hibernate.SQL                        : 
    drop table if exists fee_transactions cascade 
2026-08-18T15:39:16.027+05:30 DEBUG 1832 --- [           main] org.hibernate.SQL                        : 
    drop table if exists fees cascade 
2026-08-18T15:39:16.027+05:30 DEBUG 1832 --- [           main] org.hibernate.SQL                        : 
    drop table if exists leads cascade 
2026-08-18T15:39:16.027+05:30 DEBUG 1832 --- [           main] org.hibernate.SQL                        : 
    drop table if exists password_reset_tokens cascade 
2026-08-18T15:39:16.027+05:30 DEBUG 1832 --- [           main] org.hibernate.SQL                        : 
    drop table if exists receipts cascade 
2026-08-18T15:39:16.028+05:30 DEBUG 1832 --- [           main] org.hibernate.SQL                        : 
    drop table if exists students cascade 
2026-08-18T15:39:16.028+05:30 DEBUG 1832 --- [           main] org.hibernate.SQL                        : 
    drop table if exists users cascade 
2026-08-18T15:39:16.038+05:30 DEBUG 1832 --- [           main] org.hibernate.SQL                        : 
    create table attendance (
        session_date date not null,
        batch_id bigint not null,
        created_at timestamp(6) not null,
        id bigint generated by default as identity,
        marked_by bigint,
        student_id bigint not null,
        status enum ('absent','late','present') not null,
        primary key (id),
        unique (batch_id, student_id, session_date)
    )
2026-08-18T15:39:16.053+05:30 DEBUG 1832 --- [           main] org.hibernate.SQL                        : 
    create table batch_students (
        batch_id bigint not null,
        enrolled_date timestamp(6) not null,
        id bigint generated by default as identity,
        student_id bigint not null,
        status varchar(255),
        primary key (id),
        unique (batch_id, student_id)
    )
2026-08-18T15:39:16.055+05:30 DEBUG 1832 --- [           main] org.hibernate.SQL                        : 
    create table batches (
        end_date date,
        start_date date,
        course_id bigint not null,
        created_at timestamp(6) not null,
        id bigint generated by default as identity,
        trainer_id bigint,
        batch_name varchar(255) not null,
        timing varchar(255),
        mode enum ('hybrid','offline','online'),
        status enum ('completed','ongoing','upcoming'),
        primary key (id)
    )
2026-08-18T15:39:16.056+05:30 DEBUG 1832 --- [           main] org.hibernate.SQL                        : 
    create table content (
        batch_id bigint not null,
        id bigint generated by default as identity,
        uploaded_at timestamp(6) not null,
        uploaded_by bigint,
        body varchar(4000),
        title varchar(255) not null,
        type enum ('assignment','link','material','video'),
        primary key (id)
    )
2026-08-18T15:39:16.057+05:30 DEBUG 1832 --- [           main] org.hibernate.SQL                        : 
    create table courses (
        fee float(53),
        created_at timestamp(6) not null,
        id bigint generated by default as identity,
        description varchar(2000),
        code varchar(255) unique,
        duration varchar(255),
        name varchar(255) not null,
        primary key (id)
    )
2026-08-18T15:39:16.059+05:30 DEBUG 1832 --- [           main] org.hibernate.SQL                        : 
    create table fee_transactions (
        amount float(53) not null,
        collected_by bigint,
        fee_id bigint not null,
        id bigint generated by default as identity,
        transaction_date timestamp(6) not null,
        payment_mode varchar(255),
        receipt_no varchar(255),
        primary key (id)
    )
2026-08-18T15:39:16.060+05:30 DEBUG 1832 --- [           main] org.hibernate.SQL                        : 
    create table fees (
        amount_paid float(53) not null,
        due_amount float(53) not null,
        total_fee float(53) not null,
        course_id bigint not null,
        created_at timestamp(6) not null,
        id bigint generated by default as identity,
        student_id bigint not null,
        plan varchar(255),
        primary key (id)
    )
2026-08-18T15:39:16.061+05:30 DEBUG 1832 --- [           main] org.hibernate.SQL                        : 
    create table leads (
        assigned_counselor_id bigint,
        course_interested_id bigint,
        created_at timestamp(6) not null,
        id bigint generated by default as identity,
        updated_at timestamp(6) not null,
        notes varchar(2000),
        email varchar(255),
        name varchar(255) not null,
        phone varchar(255),
        source varchar(255),
        status enum ('Call_Not_Received','Contacted','Converted','Demo_Workshop','Enrolled','Follow_up','Interested','Lost','Negotiation','New','Not_Interested','Positive') not null,
        primary key (id)
    )
2026-08-18T15:39:16.062+05:30 DEBUG 1832 --- [           main] org.hibernate.SQL                        : 
    create table password_reset_tokens (
        used boolean not null,
        created_at timestamp(6) not null,
        expires_at timestamp(6) not null,
        id bigint generated by default as identity,
        user_id bigint not null,
        token varchar(255) not null unique,
        primary key (id)
    )
2026-08-18T15:39:16.067+05:30 DEBUG 1832 --- [           main] org.hibernate.SQL                        : 
    create table receipts (
        amount_paid float(53),
        balance_amount float(53),
        total_amount float(53) not null,
        course_id bigint not null,
        created_at timestamp(6) not null,
        id bigint generated by default as identity,
        issued_by bigint not null,
        issued_date timestamp(6) not null,
        lead_id bigint,
        received_date timestamp(6),
        sent_to_applicant_at timestamp(6),
        student_id bigint not null,
        updated_at timestamp(6) not null,
        amount_in_words varchar(1000),
        applicant_address varchar(2000),
        admission_number varchar(255),
        applicant_city varchar(255),
        bank_name varchar(255),
        payment_mode varchar(255),
        purpose varchar(255),
        receipt_number varchar(255) not null unique,
        transaction_id varchar(255),
        primary key (id)
    )
2026-08-18T15:39:16.074+05:30 DEBUG 1832 --- [           main] org.hibernate.SQL                        : 
    create table students (
        enrollment_date timestamp(6) not null,
        id bigint generated by default as identity,
        lead_id bigint,
        user_id bigint not null unique,
        status varchar(255),
        primary key (id)
    )
2026-08-18T15:39:16.077+05:30 DEBUG 1832 --- [           main] org.hibernate.SQL                        : 
    create table users (
        created_at timestamp(6) not null,
        id bigint generated by default as identity,
        email varchar(255) not null unique,
        name varchar(255) not null,
        password_hash varchar(255) not null,
        phone varchar(255),
        role enum ('ADMIN','COUNSELOR','OPERATIONS','SEO','STUDENT','SUPERADMIN','TRAINER') not null,
        status enum ('ACTIVE','INACTIVE') not null,
        primary key (id)
    )
2026-08-18T15:39:16.083+05:30 DEBUG 1832 --- [           main] org.hibernate.SQL                        : 
    alter table if exists attendance 
       add constraint FKkn2wjq4ji44iqjf7jqtq3dv8y 
       foreign key (batch_id) 
       references batches
2026-08-18T15:39:16.101+05:30 DEBUG 1832 --- [           main] org.hibernate.SQL                        : 
    alter table if exists attendance 
       add constraint FKpkwi8vo8nh7iu7kte6w8nyeeg 
       foreign key (marked_by) 
       references users
2026-08-18T15:39:16.103+05:30 DEBUG 1832 --- [           main] org.hibernate.SQL                        : 
    alter table if exists attendance 
       add constraint FK7121lveuhtmu9wa6m90ayd5yg 
       foreign key (student_id) 
       references students
2026-08-18T15:39:16.112+05:30 DEBUG 1832 --- [           main] org.hibernate.SQL                        : 
    alter table if exists batch_students 
       add constraint FKa3225kl4smnwa7ngmlphnalbo 
       foreign key (batch_id) 
       references batches
2026-08-18T15:39:16.118+05:30 DEBUG 1832 --- [           main] org.hibernate.SQL                        : 
    alter table if exists batch_students 
       add constraint FKmjh4m6i36fopj062sp0hdeesg 
       foreign key (student_id) 
       references students
2026-08-18T15:39:16.120+05:30 DEBUG 1832 --- [           main] org.hibernate.SQL                        : 
    alter table if exists batches 
       add constraint FKfw7md94a64xgsv0otrhnbxh98 
       foreign key (course_id) 
       references courses
2026-08-18T15:39:16.123+05:30 DEBUG 1832 --- [           main] org.hibernate.SQL                        : 
    alter table if exists batches 
       add constraint FKhj6di0uik1k6r61rs47e4v2gd 
       foreign key (trainer_id) 
       references users
2026-08-18T15:39:16.125+05:30 DEBUG 1832 --- [           main] org.hibernate.SQL                        : 
    alter table if exists content 
       add constraint FKmicy8e93xit4w11rbqlm58yhk 
       foreign key (batch_id) 
       references batches
2026-08-18T15:39:16.128+05:30 DEBUG 1832 --- [           main] org.hibernate.SQL                        : 
    alter table if exists content 
       add constraint FK87hbjct9yitpbs0dt98fde4m8 
       foreign key (uploaded_by) 
       references users
2026-08-18T15:39:16.138+05:30 DEBUG 1832 --- [           main] org.hibernate.SQL                        : 
    alter table if exists fee_transactions 
       add constraint FK6tpqb9umojfx8e6b26rlj547k 
       foreign key (collected_by) 
       references users
2026-08-18T15:39:16.141+05:30 DEBUG 1832 --- [           main] org.hibernate.SQL                        : 
    alter table if exists fee_transactions 
       add constraint FKldb9dn7xtlvdxypqmve4tv5l5 
       foreign key (fee_id) 
       references fees
2026-08-18T15:39:16.143+05:30 DEBUG 1832 --- [           main] org.hibernate.SQL                        : 
    alter table if exists fees 
       add constraint FK15r45xbwoxadhy4h8428egqrm 
       foreign key (course_id) 
       references courses
2026-08-18T15:39:16.147+05:30 DEBUG 1832 --- [           main] org.hibernate.SQL                        : 
    alter table if exists fees 
       add constraint FKh56p3es1h1lt6ge4cl3by4oko 
       foreign key (student_id) 
       references students
2026-08-18T15:39:16.151+05:30 DEBUG 1832 --- [           main] org.hibernate.SQL                        : 
    alter table if exists leads 
       add constraint FKa8hm2bedxsms9uhtfcxjja21 
       foreign key (assigned_counselor_id) 
       references users
2026-08-18T15:39:16.153+05:30 DEBUG 1832 --- [           main] org.hibernate.SQL                        : 
    alter table if exists leads 
       add constraint FKme7sx4sfwghyh8nbqgpf08rxj 
       foreign key (course_interested_id) 
       references courses
2026-08-18T15:39:16.155+05:30 DEBUG 1832 --- [           main] org.hibernate.SQL                        : 
    alter table if exists password_reset_tokens 
       add constraint FKk3ndxg5xp6v7wd4gjyusp15gq 
       foreign key (user_id) 
       references users
2026-08-18T15:39:16.156+05:30 DEBUG 1832 --- [           main] org.hibernate.SQL                        : 
    alter table if exists receipts 
       add constraint FKki1uavlnfrfefd0yd7t98eis6 
       foreign key (course_id) 
       references courses
2026-08-18T15:39:16.157+05:30 DEBUG 1832 --- [           main] org.hibernate.SQL                        : 
    alter table if exists receipts 
       add constraint FKa7anhasi8y2xklm7ar1ybe3tv 
       foreign key (issued_by) 
       references users
2026-08-18T15:39:16.159+05:30 DEBUG 1832 --- [           main] org.hibernate.SQL                        : 
    alter table if exists receipts 
       add constraint FKtmg768gl8wfonwtawvj9fiefr 
       foreign key (lead_id) 
       references leads
2026-08-18T15:39:16.161+05:30 DEBUG 1832 --- [           main] org.hibernate.SQL                        : 
    alter table if exists receipts 
       add constraint FK3vlwtbr12dm4uxomab9m0stod 
       foreign key (student_id) 
       references students
2026-08-18T15:39:16.164+05:30 DEBUG 1832 --- [           main] org.hibernate.SQL                        : 
    alter table if exists students 
       add constraint FK7kafr3x5dvs2rsvin3jfljj8c 
       foreign key (lead_id) 
       references leads
2026-08-18T15:39:16.168+05:30 DEBUG 1832 --- [           main] org.hibernate.SQL                        : 
    alter table if exists students 
       add constraint FKdt1cjx5ve5bdabmuuf3ibrwaq 
       foreign key (user_id) 
       references users
2026-08-18T15:39:16.175+05:30  INFO 1832 --- [           main] j.LocalContainerEntityManagerFactoryBean : Initialized JPA EntityManagerFactory for persistence unit 'default'
2026-08-18T15:39:17.244+05:30  WARN 1832 --- [           main] com.svlms.config.SecurityStartupCheck    : NOTE: cors.allowed-origin is set to 'http://localhost:5173'. Set CORS_ALLOWED_ORIGIN to your
2026-08-18T15:39:17.245+05:30  WARN 1832 --- [           main] com.svlms.config.SecurityStartupCheck    : real frontend domain before deploying to production.
2026-08-18T15:39:18.344+05:30  WARN 1832 --- [           main] .s.s.UserDetailsServiceAutoConfiguration : 

Using generated security password: 4dfb6379-343f-4a41-8527-378de39caa91

This generated password is for development use only. Your security configuration must be updated before running your application in production.

2026-08-18T15:39:18.374+05:30  INFO 1832 --- [           main] r$InitializeUserDetailsManagerConfigurer : Global AuthenticationManager configured with UserDetailsService bean with name inMemoryUserDetailsManager
2026-08-18T15:39:19.151+05:30 DEBUG 1832 --- [           main] s.w.s.m.m.a.RequestMappingHandlerMapping : 61 mappings in 'requestMappingHandlerMapping'
2026-08-18T15:39:19.594+05:30 DEBUG 1832 --- [           main] o.s.w.s.handler.SimpleUrlHandlerMapping  : Patterns [/webjars/**, /**] in 'resourceHandlerMapping'
2026-08-18T15:39:20.417+05:30 DEBUG 1832 --- [           main] s.w.s.m.m.a.RequestMappingHandlerAdapter : ControllerAdvice beans: 0 @ModelAttribute, 0 @InitBinder, 1 RequestBodyAdvice, 1 ResponseBodyAdvice
2026-08-18T15:39:20.528+05:30 DEBUG 1832 --- [           main] .m.m.a.ExceptionHandlerExceptionResolver : ControllerAdvice beans: 1 @ExceptionHandler, 1 ResponseBodyAdvice
2026-08-18T15:39:21.016+05:30 DEBUG 1832 --- [           main] o.s.b.w.s.ServletContextInitializerBeans : Mapping filters: springSecurityFilterChain urls=[/*] order=-100, characterEncodingFilter urls=[/*] order=-2147483648, formContentFilter urls=[/*] order=-9900, requestContextFilter urls=[/*] order=-105, jwtAuthFilter urls=[/*] order=2147483647
2026-08-18T15:39:21.017+05:30 DEBUG 1832 --- [           main] o.s.b.w.s.ServletContextInitializerBeans : Mapping servlets: 
2026-08-18T15:39:21.100+05:30 DEBUG 1832 --- [           main] s.b.w.s.f.OrderedCharacterEncodingFilter : Filter 'characterEncodingFilter' configured for use
2026-08-18T15:39:21.103+05:30 DEBUG 1832 --- [           main] o.s.b.w.s.f.OrderedFormContentFilter     : Filter 'formContentFilter' configured for use
2026-08-18T15:39:21.111+05:30 DEBUG 1832 --- [           main] o.s.b.w.s.f.OrderedRequestContextFilter  : Filter 'requestContextFilter' configured for use
2026-08-18T15:39:21.111+05:30 DEBUG 1832 --- [           main] .DelegatingFilterProxyRegistrationBean$1 : Filter 'springSecurityFilterChain' configured for use
2026-08-18T15:39:21.144+05:30  INFO 1832 --- [           main] o.s.b.t.m.w.SpringBootMockServletContext : Initializing Spring TestDispatcherServlet ''
2026-08-18T15:39:21.145+05:30  INFO 1832 --- [           main] o.s.t.web.servlet.TestDispatcherServlet  : Initializing Servlet ''
2026-08-18T15:39:21.152+05:30  INFO 1832 --- [           main] o.s.t.web.servlet.TestDispatcherServlet  : Completed initialization in 7 ms
2026-08-18T15:39:21.271+05:30 DEBUG 1832 --- [           main] .s.b.a.l.ConditionEvaluationReportLogger : 


============================
CONDITIONS EVALUATION REPORT
============================


Positive matches:
-----------------

   AopAutoConfiguration matched:
      - @ConditionalOnProperty (spring.aop.auto=true) matched (OnPropertyCondition)

   AopAutoConfiguration.AspectJAutoProxyingConfiguration matched:
      - @ConditionalOnClass found required class 'org.aspectj.weaver.Advice' (OnClassCondition)

   AopAutoConfiguration.AspectJAutoProxyingConfiguration.CglibAutoProxyConfiguration matched:
      - @ConditionalOnProperty (spring.aop.proxy-target-class=true) matched (OnPropertyCondition)

   ApplicationAvailabilityAutoConfiguration#applicationAvailability matched:
      - @ConditionalOnMissingBean (types: org.springframework.boot.availability.ApplicationAvailability; SearchStrategy: all) did not find any beans (OnBeanCondition)

   DataSourceAutoConfiguration matched:
      - @ConditionalOnClass found required classes 'javax.sql.DataSource', 'org.springframework.jdbc.datasource.embedded.EmbeddedDatabaseType' (OnClassCondition)
      - @ConditionalOnMissingBean (types: io.r2dbc.spi.ConnectionFactory; SearchStrategy: all) did not find any beans (OnBeanCondition)

   DataSourceAutoConfiguration.PooledDataSourceConfiguration matched:
      - AnyNestedCondition 1 matched 1 did not; NestedCondition on DataSourceAutoConfiguration.PooledDataSourceCondition.PooledDataSourceAvailable PooledDataSource found supported DataSource; NestedCondition on DataSourceAutoConfiguration.PooledDataSourceCondition.ExplicitType @ConditionalOnProperty (spring.datasource.type) did not find property 'type' (DataSourceAutoConfiguration.PooledDataSourceCondition)
      - @ConditionalOnMissingBean (types: javax.sql.DataSource,javax.sql.XADataSource; SearchStrategy: all) did not find any beans (OnBeanCondition)

   DataSourceAutoConfiguration.PooledDataSourceConfiguration#jdbcConnectionDetails matched:
      - @ConditionalOnMissingBean (types: org.springframework.boot.autoconfigure.jdbc.JdbcConnectionDetails; SearchStrategy: all) did not find any beans (OnBeanCondition)

   DataSourceConfiguration.Hikari matched:
      - @ConditionalOnClass found required class 'com.zaxxer.hikari.HikariDataSource' (OnClassCondition)
      - @ConditionalOnProperty (spring.datasource.type=com.zaxxer.hikari.HikariDataSource) matched (OnPropertyCondition)
      - @ConditionalOnMissingBean (types: javax.sql.DataSource; SearchStrategy: all) did not find any beans (OnBeanCondition)

   DataSourceInitializationConfiguration matched:
      - @ConditionalOnClass found required class 'org.springframework.jdbc.datasource.init.DatabasePopulator' (OnClassCondition)
      - @ConditionalOnSingleCandidate (types: javax.sql.DataSource; SearchStrategy: all) found a single bean 'dataSource'; @ConditionalOnMissingBean (types: org.springframework.boot.autoconfigure.sql.init.SqlDataSourceScriptDatabaseInitializer,org.springframework.boot.autoconfigure.sql.init.SqlR2dbcScriptDatabaseInitializer; SearchStrategy: all) did not find any beans (OnBeanCondition)

   DataSourcePoolMetadataProvidersConfiguration.HikariPoolDataSourceMetadataProviderConfiguration matched:
      - @ConditionalOnClass found required class 'com.zaxxer.hikari.HikariDataSource' (OnClassCondition)

   DataSourceTransactionManagerAutoConfiguration matched:
      - @ConditionalOnClass found required classes 'javax.sql.DataSource', 'org.springframework.jdbc.core.JdbcTemplate', 'org.springframework.transaction.TransactionManager' (OnClassCondition)

   DataSourceTransactionManagerAutoConfiguration.JdbcTransactionManagerConfiguration matched:
      - @ConditionalOnSingleCandidate (types: javax.sql.DataSource; SearchStrategy: all) found a single bean 'dataSource' (OnBeanCondition)

   DispatcherServletAutoConfiguration matched:
      - @ConditionalOnClass found required class 'org.springframework.web.servlet.DispatcherServlet' (OnClassCondition)
      - found 'session' scope (OnWebApplicationCondition)

   DispatcherServletAutoConfiguration.DispatcherServletConfiguration matched:
      - @ConditionalOnClass found required class 'jakarta.servlet.ServletRegistration' (OnClassCondition)
      - Default DispatcherServlet did not find dispatcher servlet beans (DispatcherServletAutoConfiguration.DefaultDispatcherServletCondition)

   DispatcherServletAutoConfiguration.DispatcherServletRegistrationConfiguration matched:
      - @ConditionalOnClass found required class 'jakarta.servlet.ServletRegistration' (OnClassCondition)
      - DispatcherServlet Registration did not find servlet registration bean (DispatcherServletAutoConfiguration.DispatcherServletRegistrationCondition)

   DispatcherServletAutoConfiguration.DispatcherServletRegistrationConfiguration#dispatcherServletRegistration matched:
      - @ConditionalOnBean (names: dispatcherServlet types: org.springframework.web.servlet.DispatcherServlet; SearchStrategy: all) found bean 'dispatcherServlet' (OnBeanCondition)

   ErrorMvcAutoConfiguration matched:
      - @ConditionalOnClass found required classes 'jakarta.servlet.Servlet', 'org.springframework.web.servlet.DispatcherServlet' (OnClassCondition)
      - found 'session' scope (OnWebApplicationCondition)

   ErrorMvcAutoConfiguration#basicErrorController matched:
      - @ConditionalOnMissingBean (types: org.springframework.boot.web.servlet.error.ErrorController; SearchStrategy: current) did not find any beans (OnBeanCondition)

   ErrorMvcAutoConfiguration#errorAttributes matched:
      - @ConditionalOnMissingBean (types: org.springframework.boot.web.servlet.error.ErrorAttributes; SearchStrategy: current) did not find any beans (OnBeanCondition)

   ErrorMvcAutoConfiguration.DefaultErrorViewResolverConfiguration#conventionErrorViewResolver matched:
      - @ConditionalOnBean (types: org.springframework.web.servlet.DispatcherServlet; SearchStrategy: all) found bean 'dispatcherServlet'; @ConditionalOnMissingBean (types: org.springframework.boot.autoconfigure.web.servlet.error.ErrorViewResolver; SearchStrategy: all) did not find any beans (OnBeanCondition)

   ErrorMvcAutoConfiguration.WhitelabelErrorViewConfiguration matched:
      - @ConditionalOnProperty (server.error.whitelabel.enabled) matched (OnPropertyCondition)
      - ErrorTemplate Missing did not find error template view (ErrorMvcAutoConfiguration.ErrorTemplateMissingCondition)

   ErrorMvcAutoConfiguration.WhitelabelErrorViewConfiguration#beanNameViewResolver matched:
      - @ConditionalOnMissingBean (types: org.springframework.web.servlet.view.BeanNameViewResolver; SearchStrategy: all) did not find any beans (OnBeanCondition)

   ErrorMvcAutoConfiguration.WhitelabelErrorViewConfiguration#defaultErrorView matched:
      - @ConditionalOnMissingBean (names: error; SearchStrategy: all) did not find any beans (OnBeanCondition)

   GenericCacheConfiguration matched:
      - Cache org.springframework.boot.autoconfigure.cache.GenericCacheConfiguration automatic cache type (CacheCondition)

   GsonAutoConfiguration matched:
      - @ConditionalOnClass found required class 'com.google.gson.Gson' (OnClassCondition)

   GsonAutoConfiguration#gson matched:
      - @ConditionalOnMissingBean (types: com.google.gson.Gson; SearchStrategy: all) did not find any beans (OnBeanCondition)

   GsonAutoConfiguration#gsonBuilder matched:
      - @ConditionalOnMissingBean (types: com.google.gson.GsonBuilder; SearchStrategy: all) did not find any beans (OnBeanCondition)

   GsonHttpMessageConvertersConfiguration matched:
      - @ConditionalOnClass found required class 'com.google.gson.Gson' (OnClassCondition)

   HibernateJpaAutoConfiguration matched:
      - @ConditionalOnClass found required classes 'org.springframework.orm.jpa.LocalContainerEntityManagerFactoryBean', 'jakarta.persistence.EntityManager', 'org.hibernate.engine.spi.SessionImplementor' (OnClassCondition)

   HibernateJpaConfiguration matched:
      - @ConditionalOnSingleCandidate (types: javax.sql.DataSource; SearchStrategy: all) found a single bean 'dataSource' (OnBeanCondition)

   HttpEncodingAutoConfiguration matched:
      - @ConditionalOnClass found required class 'org.springframework.web.filter.CharacterEncodingFilter' (OnClassCondition)
      - found 'session' scope (OnWebApplicationCondition)
      - @ConditionalOnProperty (server.servlet.encoding.enabled) matched (OnPropertyCondition)

   HttpEncodingAutoConfiguration#characterEncodingFilter matched:
      - @ConditionalOnMissingBean (types: org.springframework.web.filter.CharacterEncodingFilter; SearchStrategy: all) did not find any beans (OnBeanCondition)

   HttpMessageConvertersAutoConfiguration matched:
      - @ConditionalOnClass found required class 'org.springframework.http.converter.HttpMessageConverter' (OnClassCondition)
      - NoneNestedConditions 0 matched 1 did not; NestedCondition on HttpMessageConvertersAutoConfiguration.NotReactiveWebApplicationCondition.ReactiveWebApplication did not find reactive web application classes (HttpMessageConvertersAutoConfiguration.NotReactiveWebApplicationCondition)

   HttpMessageConvertersAutoConfiguration#messageConverters matched:
      - @ConditionalOnMissingBean (types: org.springframework.boot.autoconfigure.http.HttpMessageConverters; SearchStrategy: all) did not find any beans (OnBeanCondition)

   HttpMessageConvertersAutoConfiguration.StringHttpMessageConverterConfiguration matched:
      - @ConditionalOnClass found required class 'org.springframework.http.converter.StringHttpMessageConverter' (OnClassCondition)

   HttpMessageConvertersAutoConfiguration.StringHttpMessageConverterConfiguration#stringHttpMessageConverter matched:
      - @ConditionalOnMissingBean (types: org.springframework.http.converter.StringHttpMessageConverter; SearchStrategy: all) did not find any beans (OnBeanCondition)

   JacksonAutoConfiguration matched:
      - @ConditionalOnClass found required class 'com.fasterxml.jackson.databind.ObjectMapper' (OnClassCondition)

   JacksonAutoConfiguration.Jackson2ObjectMapperBuilderCustomizerConfiguration matched:
      - @ConditionalOnClass found required class 'org.springframework.http.converter.json.Jackson2ObjectMapperBuilder' (OnClassCondition)

   JacksonAutoConfiguration.JacksonObjectMapperBuilderConfiguration matched:
      - @ConditionalOnClass found required class 'org.springframework.http.converter.json.Jackson2ObjectMapperBuilder' (OnClassCondition)

   JacksonAutoConfiguration.JacksonObjectMapperBuilderConfiguration#jacksonObjectMapperBuilder matched:
      - @ConditionalOnMissingBean (types: org.springframework.http.converter.json.Jackson2ObjectMapperBuilder; SearchStrategy: all) did not find any beans (OnBeanCondition)

   JacksonAutoConfiguration.JacksonObjectMapperConfiguration matched:
      - @ConditionalOnClass found required class 'org.springframework.http.converter.json.Jackson2ObjectMapperBuilder' (OnClassCondition)

   JacksonAutoConfiguration.JacksonObjectMapperConfiguration#jacksonObjectMapper matched:
      - @ConditionalOnMissingBean (types: com.fasterxml.jackson.databind.ObjectMapper; SearchStrategy: all) did not find any beans (OnBeanCondition)

   JacksonAutoConfiguration.ParameterNamesModuleConfiguration matched:
      - @ConditionalOnClass found required class 'com.fasterxml.jackson.module.paramnames.ParameterNamesModule' (OnClassCondition)

   JacksonAutoConfiguration.ParameterNamesModuleConfiguration#parameterNamesModule matched:
      - @ConditionalOnMissingBean (types: com.fasterxml.jackson.module.paramnames.ParameterNamesModule; SearchStrategy: all) did not find any beans (OnBeanCondition)

   JacksonHttpMessageConvertersConfiguration.MappingJackson2HttpMessageConverterConfiguration matched:
      - @ConditionalOnClass found required class 'com.fasterxml.jackson.databind.ObjectMapper' (OnClassCondition)
      - @ConditionalOnProperty (spring.mvc.converters.preferred-json-mapper=jackson) matched (OnPropertyCondition)
      - @ConditionalOnBean (types: com.fasterxml.jackson.databind.ObjectMapper; SearchStrategy: all) found bean 'jacksonObjectMapper' (OnBeanCondition)

   JacksonHttpMessageConvertersConfiguration.MappingJackson2HttpMessageConverterConfiguration#mappingJackson2HttpMessageConverter matched:
      - @ConditionalOnMissingBean (types: org.springframework.http.converter.json.MappingJackson2HttpMessageConverter ignored: org.springframework.hateoas.server.mvc.TypeConstrainedMappingJackson2HttpMessageConverter,org.springframework.data.rest.webmvc.alps.AlpsJsonHttpMessageConverter; SearchStrategy: all) did not find any beans (OnBeanCondition)

   JdbcClientAutoConfiguration matched:
      - @ConditionalOnSingleCandidate (types: org.springframework.jdbc.core.namedparam.NamedParameterJdbcTemplate; SearchStrategy: all) found a single bean 'namedParameterJdbcTemplate'; @ConditionalOnMissingBean (types: org.springframework.jdbc.core.simple.JdbcClient; SearchStrategy: all) did not find any beans (OnBeanCondition)

   JdbcTemplateAutoConfiguration matched:
      - @ConditionalOnClass found required classes 'javax.sql.DataSource', 'org.springframework.jdbc.core.JdbcTemplate' (OnClassCondition)
      - @ConditionalOnSingleCandidate (types: javax.sql.DataSource; SearchStrategy: all) found a single bean 'dataSource' (OnBeanCondition)

   JdbcTemplateConfiguration matched:
      - @ConditionalOnMissingBean (types: org.springframework.jdbc.core.JdbcOperations; SearchStrategy: all) did not find any beans (OnBeanCondition)

   JpaBaseConfiguration#entityManagerFactory matched:
      - @ConditionalOnMissingBean (types: org.springframework.orm.jpa.LocalContainerEntityManagerFactoryBean,jakarta.persistence.EntityManagerFactory; SearchStrategy: all) did not find any beans (OnBeanCondition)

   JpaBaseConfiguration#entityManagerFactoryBuilder matched:
      - @ConditionalOnMissingBean (types: org.springframework.boot.orm.jpa.EntityManagerFactoryBuilder; SearchStrategy: all) did not find any beans (OnBeanCondition)

   JpaBaseConfiguration#jpaVendorAdapter matched:
      - @ConditionalOnMissingBean (types: org.springframework.orm.jpa.JpaVendorAdapter; SearchStrategy: all) did not find any beans (OnBeanCondition)

   JpaBaseConfiguration#transactionManager matched:
      - @ConditionalOnMissingBean (types: org.springframework.transaction.TransactionManager; SearchStrategy: all) did not find any beans (OnBeanCondition)

   JpaBaseConfiguration.PersistenceManagedTypesConfiguration matched:
      - @ConditionalOnMissingBean (types: org.springframework.orm.jpa.LocalContainerEntityManagerFactoryBean,jakarta.persistence.EntityManagerFactory; SearchStrategy: all) did not find any beans (OnBeanCondition)

   JpaBaseConfiguration.PersistenceManagedTypesConfiguration#persistenceManagedTypes matched:
      - @ConditionalOnMissingBean (types: org.springframework.orm.jpa.persistenceunit.PersistenceManagedTypes; SearchStrategy: all) did not find any beans (OnBeanCondition)

   JpaRepositoriesAutoConfiguration matched:
      - @ConditionalOnClass found required class 'org.springframework.data.jpa.repository.JpaRepository' (OnClassCondition)
      - @ConditionalOnProperty (spring.data.jpa.repositories.enabled=true) matched (OnPropertyCondition)
      - @ConditionalOnBean (types: javax.sql.DataSource; SearchStrategy: all) found bean 'dataSource'; @ConditionalOnMissingBean (types: org.springframework.data.jpa.repository.support.JpaRepositoryFactoryBean,org.springframework.data.jpa.repository.config.JpaRepositoryConfigExtension; SearchStrategy: all) did not find any beans (OnBeanCondition)

   JtaAutoConfiguration matched:
      - @ConditionalOnClass found required class 'jakarta.transaction.Transaction' (OnClassCondition)
      - @ConditionalOnProperty (spring.jta.enabled) matched (OnPropertyCondition)

   LifecycleAutoConfiguration#defaultLifecycleProcessor matched:
      - @ConditionalOnMissingBean (names: lifecycleProcessor; SearchStrategy: current) did not find any beans (OnBeanCondition)

   MockMvcAutoConfiguration matched:
      - found 'session' scope (OnWebApplicationCondition)

   MockMvcAutoConfiguration#mockMvc matched:
      - @ConditionalOnMissingBean (types: org.springframework.test.web.servlet.MockMvc; SearchStrategy: all) did not find any beans (OnBeanCondition)

   MockMvcAutoConfiguration#mockMvcBuilder matched:
      - @ConditionalOnMissingBean (types: org.springframework.test.web.servlet.MockMvcBuilder; SearchStrategy: all) did not find any beans (OnBeanCondition)

   MockMvcSecurityConfiguration matched:
      - @ConditionalOnClass found required class 'org.springframework.security.test.web.servlet.request.SecurityMockMvcRequestPostProcessors' (OnClassCondition)

   MockMvcSecurityConfiguration#securityMockMvcBuilderCustomizer matched:
      - @ConditionalOnBean (names: springSecurityFilterChain; SearchStrategy: all) found bean 'springSecurityFilterChain' (OnBeanCondition)

   MultipartAutoConfiguration matched:
      - @ConditionalOnClass found required classes 'jakarta.servlet.Servlet', 'org.springframework.web.multipart.support.StandardServletMultipartResolver', 'jakarta.servlet.MultipartConfigElement' (OnClassCondition)
      - found 'session' scope (OnWebApplicationCondition)
      - @ConditionalOnProperty (spring.servlet.multipart.enabled) matched (OnPropertyCondition)

   MultipartAutoConfiguration#multipartConfigElement matched:
      - @ConditionalOnMissingBean (types: jakarta.servlet.MultipartConfigElement; SearchStrategy: all) did not find any beans (OnBeanCondition)

   MultipartAutoConfiguration#multipartResolver matched:
      - @ConditionalOnMissingBean (types: org.springframework.web.multipart.MultipartResolver; SearchStrategy: all) did not find any beans (OnBeanCondition)

   NamedParameterJdbcTemplateConfiguration matched:
      - @ConditionalOnSingleCandidate (types: org.springframework.jdbc.core.JdbcTemplate; SearchStrategy: all) found a single bean 'jdbcTemplate'; @ConditionalOnMissingBean (types: org.springframework.jdbc.core.namedparam.NamedParameterJdbcOperations; SearchStrategy: all) did not find any beans (OnBeanCondition)

   NoOpCacheConfiguration matched:
      - Cache org.springframework.boot.autoconfigure.cache.NoOpCacheConfiguration automatic cache type (CacheCondition)

   PersistenceExceptionTranslationAutoConfiguration matched:
      - @ConditionalOnClass found required class 'org.springframework.dao.annotation.PersistenceExceptionTranslationPostProcessor' (OnClassCondition)

   PersistenceExceptionTranslationAutoConfiguration#persistenceExceptionTranslationPostProcessor matched:
      - @ConditionalOnProperty (spring.dao.exceptiontranslation.enabled) matched (OnPropertyCondition)
      - @ConditionalOnMissingBean (types: org.springframework.dao.annotation.PersistenceExceptionTranslationPostProcessor; SearchStrategy: all) did not find any beans (OnBeanCondition)

   PropertyPlaceholderAutoConfiguration#propertySourcesPlaceholderConfigurer matched:
      - @ConditionalOnMissingBean (types: org.springframework.context.support.PropertySourcesPlaceholderConfigurer; SearchStrategy: current) did not find any beans (OnBeanCondition)

   RestClientAutoConfiguration matched:
      - @ConditionalOnClass found required class 'org.springframework.web.client.RestClient' (OnClassCondition)
      - NoneNestedConditions 0 matched 1 did not; NestedCondition on NotReactiveWebApplicationCondition.ReactiveWebApplication did not find reactive web application classes (NotReactiveWebApplicationCondition)

   RestClientAutoConfiguration#httpMessageConvertersRestClientCustomizer matched:
      - @ConditionalOnMissingBean (types: org.springframework.boot.autoconfigure.web.client.HttpMessageConvertersRestClientCustomizer; SearchStrategy: all) did not find any beans (OnBeanCondition)

   RestClientAutoConfiguration#restClientBuilder matched:
      - @ConditionalOnMissingBean (types: org.springframework.web.client.RestClient$Builder; SearchStrategy: all) did not find any beans (OnBeanCondition)

   RestClientAutoConfiguration#restClientBuilderConfigurer matched:
      - @ConditionalOnMissingBean (types: org.springframework.boot.autoconfigure.web.client.RestClientBuilderConfigurer; SearchStrategy: all) did not find any beans (OnBeanCondition)

   RestClientAutoConfiguration#restClientSsl matched:
      - @ConditionalOnBean (types: org.springframework.boot.ssl.SslBundles; SearchStrategy: all) found bean 'sslBundleRegistry'; @ConditionalOnMissingBean (types: org.springframework.boot.autoconfigure.web.client.RestClientSsl; SearchStrategy: all) did not find any beans (OnBeanCondition)

   RestTemplateAutoConfiguration matched:
      - @ConditionalOnClass found required class 'org.springframework.web.client.RestTemplate' (OnClassCondition)
      - NoneNestedConditions 0 matched 1 did not; NestedCondition on NotReactiveWebApplicationCondition.ReactiveWebApplication did not find reactive web application classes (NotReactiveWebApplicationCondition)

   RestTemplateAutoConfiguration#restTemplateBuilder matched:
      - @ConditionalOnMissingBean (types: org.springframework.boot.web.client.RestTemplateBuilder; SearchStrategy: all) did not find any beans (OnBeanCondition)

   SecurityAutoConfiguration matched:
      - @ConditionalOnClass found required class 'org.springframework.security.authentication.DefaultAuthenticationEventPublisher' (OnClassCondition)

   SecurityAutoConfiguration#authenticationEventPublisher matched:
      - @ConditionalOnMissingBean (types: org.springframework.security.authentication.AuthenticationEventPublisher; SearchStrategy: all) did not find any beans (OnBeanCondition)

   SecurityFilterAutoConfiguration matched:
      - @ConditionalOnClass found required classes 'org.springframework.security.web.context.AbstractSecurityWebApplicationInitializer', 'org.springframework.security.config.http.SessionCreationPolicy' (OnClassCondition)
      - found 'session' scope (OnWebApplicationCondition)

   SecurityFilterAutoConfiguration#securityFilterChainRegistration matched:
      - @ConditionalOnBean (names: springSecurityFilterChain; SearchStrategy: all) found bean 'springSecurityFilterChain' (OnBeanCondition)

   ServletWebServerFactoryAutoConfiguration matched:
      - @ConditionalOnClass found required class 'jakarta.servlet.ServletRequest' (OnClassCondition)
      - found 'session' scope (OnWebApplicationCondition)

   ServletWebServerFactoryAutoConfiguration#tomcatServletWebServerFactoryCustomizer matched:
      - @ConditionalOnClass found required class 'org.apache.catalina.startup.Tomcat' (OnClassCondition)

   ServletWebServerFactoryConfiguration.EmbeddedTomcat matched:
      - @ConditionalOnClass found required classes 'jakarta.servlet.Servlet', 'org.apache.catalina.startup.Tomcat', 'org.apache.coyote.UpgradeProtocol' (OnClassCondition)
      - @ConditionalOnMissingBean (types: org.springframework.boot.web.servlet.server.ServletWebServerFactory; SearchStrategy: current) did not find any beans (OnBeanCondition)

   SimpleCacheConfiguration matched:
      - Cache org.springframework.boot.autoconfigure.cache.SimpleCacheConfiguration automatic cache type (CacheCondition)

   SpringBootWebSecurityConfiguration matched:
      - found 'session' scope (OnWebApplicationCondition)

   SpringDataWebAutoConfiguration matched:
      - @ConditionalOnClass found required classes 'org.springframework.data.web.PageableHandlerMethodArgumentResolver', 'org.springframework.web.servlet.config.annotation.WebMvcConfigurer' (OnClassCondition)
      - found 'session' scope (OnWebApplicationCondition)
      - @ConditionalOnMissingBean (types: org.springframework.data.web.PageableHandlerMethodArgumentResolver; SearchStrategy: all) did not find any beans (OnBeanCondition)

   SpringDataWebAutoConfiguration#pageableCustomizer matched:
      - @ConditionalOnMissingBean (types: org.springframework.data.web.config.PageableHandlerMethodArgumentResolverCustomizer; SearchStrategy: all) did not find any beans (OnBeanCondition)

   SpringDataWebAutoConfiguration#sortCustomizer matched:
      - @ConditionalOnMissingBean (types: org.springframework.data.web.config.SortHandlerMethodArgumentResolverCustomizer; SearchStrategy: all) did not find any beans (OnBeanCondition)

   SqlInitializationAutoConfiguration matched:
      - @ConditionalOnProperty (spring.sql.init.enabled) matched (OnPropertyCondition)
      - NoneNestedConditions 0 matched 1 did not; NestedCondition on SqlInitializationAutoConfiguration.SqlInitializationModeCondition.ModeIsNever @ConditionalOnProperty (spring.sql.init.mode=never) did not find property 'mode' (SqlInitializationAutoConfiguration.SqlInitializationModeCondition)

   SslAutoConfiguration#sslBundleRegistry matched:
      - @ConditionalOnMissingBean (types: org.springframework.boot.ssl.SslBundleRegistry,org.springframework.boot.ssl.SslBundles; SearchStrategy: all) did not find any beans (OnBeanCondition)

   TaskExecutionAutoConfiguration matched:
      - @ConditionalOnClass found required class 'org.springframework.scheduling.concurrent.ThreadPoolTaskExecutor' (OnClassCondition)

   TaskExecutorConfigurations.SimpleAsyncTaskExecutorBuilderConfiguration#simpleAsyncTaskExecutorBuilder matched:
      - @ConditionalOnMissingBean (types: org.springframework.boot.task.SimpleAsyncTaskExecutorBuilder; SearchStrategy: all) did not find any beans (OnBeanCondition)
      - @ConditionalOnThreading found PLATFORM (OnThreadingCondition)

   TaskExecutorConfigurations.TaskExecutorBuilderConfiguration#taskExecutorBuilder matched:
      - @ConditionalOnMissingBean (types: org.springframework.boot.task.TaskExecutorBuilder; SearchStrategy: all) did not find any beans (OnBeanCondition)

   TaskExecutorConfigurations.TaskExecutorConfiguration matched:
      - @ConditionalOnMissingBean (types: java.util.concurrent.Executor; SearchStrategy: all) did not find any beans (OnBeanCondition)

   TaskExecutorConfigurations.TaskExecutorConfiguration#applicationTaskExecutor matched:
      - @ConditionalOnThreading found PLATFORM (OnThreadingCondition)

   TaskExecutorConfigurations.ThreadPoolTaskExecutorBuilderConfiguration#threadPoolTaskExecutorBuilder matched:
      - @ConditionalOnMissingBean (types: org.springframework.boot.task.TaskExecutorBuilder,org.springframework.boot.task.ThreadPoolTaskExecutorBuilder; SearchStrategy: all) did not find any beans (OnBeanCondition)

   TaskSchedulingAutoConfiguration matched:
      - @ConditionalOnClass found required class 'org.springframework.scheduling.concurrent.ThreadPoolTaskScheduler' (OnClassCondition)

   TaskSchedulingConfigurations.SimpleAsyncTaskSchedulerBuilderConfiguration#simpleAsyncTaskSchedulerBuilder matched:
      - @ConditionalOnMissingBean (types: org.springframework.boot.task.SimpleAsyncTaskSchedulerBuilder; SearchStrategy: all) did not find any beans (OnBeanCondition)
      - @ConditionalOnThreading found PLATFORM (OnThreadingCondition)

   TaskSchedulingConfigurations.TaskSchedulerBuilderConfiguration#taskSchedulerBuilder matched:
      - @ConditionalOnMissingBean (types: org.springframework.boot.task.TaskSchedulerBuilder; SearchStrategy: all) did not find any beans (OnBeanCondition)

   TaskSchedulingConfigurations.ThreadPoolTaskSchedulerBuilderConfiguration#threadPoolTaskSchedulerBuilder matched:
      - @ConditionalOnMissingBean (types: org.springframework.boot.task.TaskSchedulerBuilder,org.springframework.boot.task.ThreadPoolTaskSchedulerBuilder; SearchStrategy: all) did not find any beans (OnBeanCondition)

   TransactionAutoConfiguration matched:
      - @ConditionalOnClass found required class 'org.springframework.transaction.PlatformTransactionManager' (OnClassCondition)

   TransactionAutoConfiguration.EnableTransactionManagementConfiguration matched:
      - @ConditionalOnBean (types: org.springframework.transaction.TransactionManager; SearchStrategy: all) found bean 'transactionManager'; @ConditionalOnMissingBean (types: org.springframework.transaction.annotation.AbstractTransactionManagementConfiguration; SearchStrategy: all) did not find any beans (OnBeanCondition)

   TransactionAutoConfiguration.EnableTransactionManagementConfiguration.CglibAutoProxyConfiguration matched:
      - @ConditionalOnProperty (spring.aop.proxy-target-class=true) matched (OnPropertyCondition)

   TransactionAutoConfiguration.TransactionTemplateConfiguration matched:
      - @ConditionalOnSingleCandidate (types: org.springframework.transaction.PlatformTransactionManager; SearchStrategy: all) found a single bean 'transactionManager' (OnBeanCondition)

   TransactionAutoConfiguration.TransactionTemplateConfiguration#transactionTemplate matched:
      - @ConditionalOnMissingBean (types: org.springframework.transaction.support.TransactionOperations; SearchStrategy: all) did not find any beans (OnBeanCondition)

   TransactionManagerCustomizationAutoConfiguration matched:
      - @ConditionalOnClass found required class 'org.springframework.transaction.PlatformTransactionManager' (OnClassCondition)

   TransactionManagerCustomizationAutoConfiguration#platformTransactionManagerCustomizers matched:
      - @ConditionalOnMissingBean (types: org.springframework.boot.autoconfigure.transaction.TransactionManagerCustomizers; SearchStrategy: all) did not find any beans (OnBeanCondition)

   UserDetailsServiceAutoConfiguration matched:
      - @ConditionalOnClass found required class 'org.springframework.security.authentication.AuthenticationManager' (OnClassCondition)
      - AnyNestedCondition 1 matched 2 did not; NestedCondition on UserDetailsServiceAutoConfiguration.MissingAlternativeOrUserPropertiesConfigured.PasswordConfigured @ConditionalOnProperty (spring.security.user.password) did not find property 'password'; NestedCondition on UserDetailsServiceAutoConfiguration.MissingAlternativeOrUserPropertiesConfigured.NameConfigured @ConditionalOnProperty (spring.security.user.name) did not find property 'name'; NestedCondition on UserDetailsServiceAutoConfiguration.MissingAlternativeOrUserPropertiesConfigured.MissingAlternative @ConditionalOnMissingClass did not find unwanted classes 'org.springframework.security.oauth2.client.registration.ClientRegistrationRepository', 'org.springframework.security.oauth2.server.resource.introspection.OpaqueTokenIntrospector', 'org.springframework.security.saml2.provider.service.registration.RelyingPartyRegistrationRepository' (UserDetailsServiceAutoConfiguration.MissingAlternativeOrUserPropertiesConfigured)
      - @ConditionalOnBean (types: org.springframework.security.config.annotation.ObjectPostProcessor; SearchStrategy: all) found bean 'objectPostProcessor'; @ConditionalOnMissingBean (types: org.springframework.security.authentication.AuthenticationManager,org.springframework.security.authentication.AuthenticationProvider,org.springframework.security.core.userdetails.UserDetailsService,org.springframework.security.authentication.AuthenticationManagerResolver,org.springframework.security.oauth2.jwt.JwtDecoder; SearchStrategy: all) did not find any beans (OnBeanCondition)

   ValidationAutoConfiguration matched:
      - @ConditionalOnClass found required class 'jakarta.validation.executable.ExecutableValidator' (OnClassCondition)
      - @ConditionalOnResource found location classpath:META-INF/services/jakarta.validation.spi.ValidationProvider (OnResourceCondition)

   ValidationAutoConfiguration#defaultValidator matched:
      - @ConditionalOnMissingBean (types: jakarta.validation.Validator; SearchStrategy: all) did not find any beans (OnBeanCondition)

   ValidationAutoConfiguration#methodValidationPostProcessor matched:
      - @ConditionalOnMissingBean (types: org.springframework.validation.beanvalidation.MethodValidationPostProcessor; SearchStrategy: current) did not find any beans (OnBeanCondition)

   WebMvcAutoConfiguration matched:
      - @ConditionalOnClass found required classes 'jakarta.servlet.Servlet', 'org.springframework.web.servlet.DispatcherServlet', 'org.springframework.web.servlet.config.annotation.WebMvcConfigurer' (OnClassCondition)
      - found 'session' scope (OnWebApplicationCondition)
      - @ConditionalOnMissingBean (types: org.springframework.web.servlet.config.annotation.WebMvcConfigurationSupport; SearchStrategy: all) did not find any beans (OnBeanCondition)

   WebMvcAutoConfiguration#formContentFilter matched:
      - @ConditionalOnProperty (spring.mvc.formcontent.filter.enabled) matched (OnPropertyCondition)
      - @ConditionalOnMissingBean (types: org.springframework.web.filter.FormContentFilter; SearchStrategy: all) did not find any beans (OnBeanCondition)

   WebMvcAutoConfiguration.EnableWebMvcConfiguration#flashMapManager matched:
      - @ConditionalOnMissingBean (names: flashMapManager; SearchStrategy: all) did not find any beans (OnBeanCondition)

   WebMvcAutoConfiguration.EnableWebMvcConfiguration#localeResolver matched:
      - @ConditionalOnMissingBean (names: localeResolver; SearchStrategy: all) did not find any beans (OnBeanCondition)

   WebMvcAutoConfiguration.EnableWebMvcConfiguration#themeResolver matched:
      - @ConditionalOnMissingBean (names: themeResolver; SearchStrategy: all) did not find any beans (OnBeanCondition)

   WebMvcAutoConfiguration.WebMvcAutoConfigurationAdapter#defaultViewResolver matched:
      - @ConditionalOnMissingBean (types: org.springframework.web.servlet.view.InternalResourceViewResolver; SearchStrategy: all) did not find any beans (OnBeanCondition)

   WebMvcAutoConfiguration.WebMvcAutoConfigurationAdapter#requestContextFilter matched:
      - @ConditionalOnMissingBean (types: org.springframework.web.context.request.RequestContextListener,org.springframework.web.filter.RequestContextFilter; SearchStrategy: all) did not find any beans (OnBeanCondition)

   WebMvcAutoConfiguration.WebMvcAutoConfigurationAdapter#viewResolver matched:
      - @ConditionalOnBean (types: org.springframework.web.servlet.ViewResolver; SearchStrategy: all) found beans 'defaultViewResolver', 'beanNameViewResolver', 'mvcViewResolver'; @ConditionalOnMissingBean (names: viewResolver types: org.springframework.web.servlet.view.ContentNegotiatingViewResolver; SearchStrategy: all) did not find any beans (OnBeanCondition)

   WebSocketServletAutoConfiguration matched:
      - @ConditionalOnClass found required classes 'jakarta.servlet.Servlet', 'jakarta.websocket.server.ServerContainer' (OnClassCondition)
      - found 'session' scope (OnWebApplicationCondition)

   WebSocketServletAutoConfiguration.TomcatWebSocketConfiguration matched:
      - @ConditionalOnClass found required classes 'org.apache.catalina.startup.Tomcat', 'org.apache.tomcat.websocket.server.WsSci' (OnClassCondition)

   WebSocketServletAutoConfiguration.TomcatWebSocketConfiguration#websocketServletWebServerCustomizer matched:
      - @ConditionalOnMissingBean (names: websocketServletWebServerCustomizer; SearchStrategy: all) did not find any beans (OnBeanCondition)


Negative matches:
-----------------

   ActiveMQAutoConfiguration:
      Did not match:
         - @ConditionalOnClass did not find required class 'jakarta.jms.ConnectionFactory' (OnClassCondition)

   AopAutoConfiguration.AspectJAutoProxyingConfiguration.JdkDynamicAutoProxyConfiguration:
      Did not match:
         - @ConditionalOnProperty (spring.aop.proxy-target-class=false) did not find property 'proxy-target-class' (OnPropertyCondition)

   AopAutoConfiguration.ClassProxyingConfiguration:
      Did not match:
         - @ConditionalOnMissingClass found unwanted class 'org.aspectj.weaver.Advice' (OnClassCondition)

   ArtemisAutoConfiguration:
      Did not match:
         - @ConditionalOnClass did not find required class 'jakarta.jms.ConnectionFactory' (OnClassCondition)

   BatchAutoConfiguration:
      Did not match:
         - @ConditionalOnClass did not find required class 'org.springframework.batch.core.launch.JobLauncher' (OnClassCondition)

   Cache2kCacheConfiguration:
      Did not match:
         - @ConditionalOnClass did not find required class 'org.cache2k.Cache2kBuilder' (OnClassCondition)

   CacheAutoConfiguration:
      Did not match:
         - @ConditionalOnBean (types: org.springframework.cache.interceptor.CacheAspectSupport; SearchStrategy: all) did not find any beans of type org.springframework.cache.interceptor.CacheAspectSupport (OnBeanCondition)
      Matched:
         - @ConditionalOnClass found required class 'org.springframework.cache.CacheManager' (OnClassCondition)

   CacheAutoConfiguration.CacheManagerEntityManagerFactoryDependsOnPostProcessor:
      Did not match:
         - Ancestor org.springframework.boot.autoconfigure.cache.CacheAutoConfiguration did not match (ConditionEvaluationReport.AncestorsMatchedCondition)
      Matched:
         - @ConditionalOnClass found required class 'org.springframework.orm.jpa.LocalContainerEntityManagerFactoryBean' (OnClassCondition)

   CaffeineCacheConfiguration:
      Did not match:
         - @ConditionalOnClass did not find required class 'com.github.benmanes.caffeine.cache.Caffeine' (OnClassCondition)

   CassandraAutoConfiguration:
      Did not match:
         - @ConditionalOnClass did not find required class 'com.datastax.oss.driver.api.core.CqlSession' (OnClassCondition)

   CassandraDataAutoConfiguration:
      Did not match:
         - @ConditionalOnClass did not find required class 'com.datastax.oss.driver.api.core.CqlSession' (OnClassCondition)

   CassandraReactiveDataAutoConfiguration:
      Did not match:
         - @ConditionalOnClass did not find required class 'com.datastax.oss.driver.api.core.CqlSession' (OnClassCondition)

   CassandraReactiveRepositoriesAutoConfiguration:
      Did not match:
         - @ConditionalOnClass did not find required class 'org.springframework.data.cassandra.ReactiveSession' (OnClassCondition)

   CassandraRepositoriesAutoConfiguration:
      Did not match:
         - @ConditionalOnClass did not find required class 'com.datastax.oss.driver.api.core.CqlSession' (OnClassCondition)

   ClientHttpConnectorAutoConfiguration:
      Did not match:
         - @ConditionalOnClass did not find required class 'org.springframework.web.reactive.function.client.WebClient' (OnClassCondition)

   CodecsAutoConfiguration:
      Did not match:
         - @ConditionalOnClass did not find required class 'org.springframework.web.reactive.function.client.WebClient' (OnClassCondition)

   CouchbaseAutoConfiguration:
      Did not match:
         - @ConditionalOnClass did not find required class 'com.couchbase.client.java.Cluster' (OnClassCondition)

   CouchbaseCacheConfiguration:
      Did not match:
         - @ConditionalOnClass did not find required class 'com.couchbase.client.java.Cluster' (OnClassCondition)

   CouchbaseDataAutoConfiguration:
      Did not match:
         - @ConditionalOnClass did not find required class 'com.couchbase.client.java.Bucket' (OnClassCondition)

   CouchbaseReactiveDataAutoConfiguration:
      Did not match:
         - @ConditionalOnClass did not find required class 'com.couchbase.client.java.Cluster' (OnClassCondition)

   CouchbaseReactiveRepositoriesAutoConfiguration:
      Did not match:
         - @ConditionalOnClass did not find required class 'com.couchbase.client.java.Cluster' (OnClassCondition)

   CouchbaseRepositoriesAutoConfiguration:
      Did not match:
         - @ConditionalOnClass did not find required class 'com.couchbase.client.java.Bucket' (OnClassCondition)

   DataSourceAutoConfiguration.EmbeddedDatabaseConfiguration:
      Did not match:
         - EmbeddedDataSource spring.datasource.url is set (DataSourceAutoConfiguration.EmbeddedDatabaseCondition)

   DataSourceCheckpointRestoreConfiguration:
      Did not match:
         - @ConditionalOnClass did not find required class 'org.crac.Resource' (OnClassCondition)

   DataSourceConfiguration.Dbcp2:
      Did not match:
         - @ConditionalOnClass did not find required class 'org.apache.commons.dbcp2.BasicDataSource' (OnClassCondition)

   DataSourceConfiguration.Generic:
      Did not match:
         - @ConditionalOnProperty (spring.datasource.type) did not find property 'spring.datasource.type' (OnPropertyCondition)

   DataSourceConfiguration.OracleUcp:
      Did not match:
         - @ConditionalOnClass did not find required classes 'oracle.ucp.jdbc.PoolDataSourceImpl', 'oracle.jdbc.OracleConnection' (OnClassCondition)

   DataSourceConfiguration.Tomcat:
      Did not match:
         - @ConditionalOnClass did not find required class 'org.apache.tomcat.jdbc.pool.DataSource' (OnClassCondition)

   DataSourceJmxConfiguration:
      Did not match:
         - @ConditionalOnProperty (spring.jmx.enabled=true) found different value in property 'enabled' (OnPropertyCondition)

   DataSourcePoolMetadataProvidersConfiguration.CommonsDbcp2PoolDataSourceMetadataProviderConfiguration:
      Did not match:
         - @ConditionalOnClass did not find required class 'org.apache.commons.dbcp2.BasicDataSource' (OnClassCondition)

   DataSourcePoolMetadataProvidersConfiguration.OracleUcpPoolDataSourceMetadataProviderConfiguration:
      Did not match:
         - @ConditionalOnClass did not find required classes 'oracle.ucp.jdbc.PoolDataSource', 'oracle.jdbc.OracleConnection' (OnClassCondition)

   DataSourcePoolMetadataProvidersConfiguration.TomcatDataSourcePoolMetadataProviderConfiguration:
      Did not match:
         - @ConditionalOnClass did not find required class 'org.apache.tomcat.jdbc.pool.DataSource' (OnClassCondition)

   DataSourceTransactionManagerAutoConfiguration.JdbcTransactionManagerConfiguration#transactionManager:
      Did not match:
         - @ConditionalOnMissingBean (types: org.springframework.transaction.TransactionManager; SearchStrategy: all) found beans of type 'org.springframework.transaction.TransactionManager' transactionManager (OnBeanCondition)

   DispatcherServletAutoConfiguration.DispatcherServletConfiguration#multipartResolver:
      Did not match:
         - @ConditionalOnBean (types: org.springframework.web.multipart.MultipartResolver; SearchStrategy: all) did not find any beans of type org.springframework.web.multipart.MultipartResolver (OnBeanCondition)

   ElasticsearchClientAutoConfiguration:
      Did not match:
         - @ConditionalOnClass did not find required class 'co.elastic.clients.elasticsearch.ElasticsearchClient' (OnClassCondition)

   ElasticsearchDataAutoConfiguration:
      Did not match:
         - @ConditionalOnClass did not find required class 'org.springframework.data.elasticsearch.client.elc.ElasticsearchTemplate' (OnClassCondition)

   ElasticsearchRepositoriesAutoConfiguration:
      Did not match:
         - @ConditionalOnClass did not find required class 'org.springframework.data.elasticsearch.repository.ElasticsearchRepository' (OnClassCondition)

   ElasticsearchRestClientAutoConfiguration:
      Did not match:
         - @ConditionalOnClass did not find required class 'org.elasticsearch.client.RestClientBuilder' (OnClassCondition)

   EmbeddedLdapAutoConfiguration:
      Did not match:
         - @ConditionalOnClass did not find required class 'com.unboundid.ldap.listener.InMemoryDirectoryServer' (OnClassCondition)

   EmbeddedWebServerFactoryCustomizerAutoConfiguration:
      Did not match:
         - Application is deployed as a WAR file. (OnWarDeploymentCondition)
      Matched:
         - @ConditionalOnWebApplication (required) found 'session' scope (OnWebApplicationCondition)

   ErrorWebFluxAutoConfiguration:
      Did not match:
         - @ConditionalOnClass did not find required class 'org.springframework.web.reactive.config.WebFluxConfigurer' (OnClassCondition)

   FlywayAutoConfiguration:
      Did not match:
         - @ConditionalOnProperty (spring.flyway.enabled) found different value in property 'enabled' (OnPropertyCondition)
      Matched:
         - @ConditionalOnClass found required class 'org.flywaydb.core.Flyway' (OnClassCondition)

   FreeMarkerAutoConfiguration:
      Did not match:
         - @ConditionalOnClass did not find required class 'freemarker.template.Configuration' (OnClassCondition)

   GraphQlAutoConfiguration:
      Did not match:
         - @ConditionalOnClass did not find required class 'graphql.GraphQL' (OnClassCondition)

   GraphQlQueryByExampleAutoConfiguration:
      Did not match:
         - @ConditionalOnClass did not find required class 'graphql.GraphQL' (OnClassCondition)

   GraphQlQuerydslAutoConfiguration:
      Did not match:
         - @ConditionalOnClass did not find required class 'com.querydsl.core.Query' (OnClassCondition)

   GraphQlRSocketAutoConfiguration:
      Did not match:
         - @ConditionalOnClass did not find required class 'graphql.GraphQL' (OnClassCondition)

   GraphQlReactiveQueryByExampleAutoConfiguration:
      Did not match:
         - @ConditionalOnClass did not find required class 'graphql.GraphQL' (OnClassCondition)

   GraphQlReactiveQuerydslAutoConfiguration:
      Did not match:
         - @ConditionalOnClass did not find required class 'com.querydsl.core.Query' (OnClassCondition)

   GraphQlWebFluxAutoConfiguration:
      Did not match:
         - @ConditionalOnClass did not find required class 'graphql.GraphQL' (OnClassCondition)

   GraphQlWebFluxSecurityAutoConfiguration:
      Did not match:
         - @ConditionalOnClass did not find required class 'graphql.GraphQL' (OnClassCondition)

   GraphQlWebMvcAutoConfiguration:
      Did not match:
         - @ConditionalOnClass did not find required class 'graphql.GraphQL' (OnClassCondition)

   GraphQlWebMvcSecurityAutoConfiguration:
      Did not match:
         - @ConditionalOnClass did not find required class 'graphql.GraphQL' (OnClassCondition)

   GroovyTemplateAutoConfiguration:
      Did not match:
         - @ConditionalOnClass did not find required class 'groovy.text.markup.MarkupTemplateEngine' (OnClassCondition)

   GsonHttpMessageConvertersConfiguration.GsonHttpMessageConverterConfiguration:
      Did not match:
         - AnyNestedCondition 0 matched 2 did not; NestedCondition on GsonHttpMessageConvertersConfiguration.PreferGsonOrJacksonAndJsonbUnavailableCondition.JacksonJsonbUnavailable NoneNestedConditions 1 matched 1 did not; NestedCondition on GsonHttpMessageConvertersConfiguration.JacksonAndJsonbUnavailableCondition.JsonbPreferred @ConditionalOnProperty (spring.mvc.converters.preferred-json-mapper=jsonb) did not find property 'spring.mvc.converters.preferred-json-mapper'; NestedCondition on GsonHttpMessageConvertersConfiguration.JacksonAndJsonbUnavailableCondition.JacksonAvailable @ConditionalOnBean (types: org.springframework.http.converter.json.MappingJackson2HttpMessageConverter; SearchStrategy: all) found bean 'mappingJackson2HttpMessageConverter'; NestedCondition on GsonHttpMessageConvertersConfiguration.PreferGsonOrJacksonAndJsonbUnavailableCondition.GsonPreferred @ConditionalOnProperty (spring.mvc.converters.preferred-json-mapper=gson) did not find property 'spring.mvc.converters.preferred-json-mapper' (GsonHttpMessageConvertersConfiguration.PreferGsonOrJacksonAndJsonbUnavailableCondition)

   H2ConsoleAutoConfiguration:
      Did not match:
         - @ConditionalOnProperty (spring.h2.console.enabled=true) did not find property 'enabled' (OnPropertyCondition)
      Matched:
         - @ConditionalOnClass found required class 'org.h2.server.web.JakartaWebServlet' (OnClassCondition)
         - found 'session' scope (OnWebApplicationCondition)

   HazelcastAutoConfiguration:
      Did not match:
         - @ConditionalOnClass did not find required class 'com.hazelcast.core.HazelcastInstance' (OnClassCondition)

   HazelcastCacheConfiguration:
      Did not match:
         - @ConditionalOnClass did not find required class 'com.hazelcast.core.HazelcastInstance' (OnClassCondition)

   HazelcastJpaDependencyAutoConfiguration:
      Did not match:
         - @ConditionalOnClass did not find required class 'com.hazelcast.core.HazelcastInstance' (OnClassCondition)

   HttpHandlerAutoConfiguration:
      Did not match:
         - @ConditionalOnClass did not find required class 'org.springframework.web.reactive.DispatcherHandler' (OnClassCondition)

   HypermediaAutoConfiguration:
      Did not match:
         - @ConditionalOnClass did not find required class 'org.springframework.hateoas.EntityModel' (OnClassCondition)

   InfinispanCacheConfiguration:
      Did not match:
         - @ConditionalOnClass did not find required class 'org.infinispan.spring.embedded.provider.SpringEmbeddedCacheManager' (OnClassCondition)

   InfluxDbAutoConfiguration:
      Did not match:
         - @ConditionalOnClass did not find required class 'org.influxdb.InfluxDB' (OnClassCondition)

   IntegrationAutoConfiguration:
      Did not match:
         - @ConditionalOnClass did not find required class 'org.springframework.integration.config.EnableIntegration' (OnClassCondition)

   JCacheCacheConfiguration:
      Did not match:
         - @ConditionalOnClass did not find required class 'javax.cache.Caching' (OnClassCondition)

   JacksonHttpMessageConvertersConfiguration.MappingJackson2XmlHttpMessageConverterConfiguration:
      Did not match:
         - @ConditionalOnClass did not find required class 'com.fasterxml.jackson.dataformat.xml.XmlMapper' (OnClassCondition)

   JdbcRepositoriesAutoConfiguration:
      Did not match:
         - @ConditionalOnClass did not find required class 'org.springframework.data.jdbc.repository.config.AbstractJdbcConfiguration' (OnClassCondition)

   JerseyAutoConfiguration:
      Did not match:
         - @ConditionalOnClass did not find required class 'org.glassfish.jersey.server.spring.SpringComponentProvider' (OnClassCondition)

   JmsAutoConfiguration:
      Did not match:
         - @ConditionalOnClass did not find required class 'jakarta.jms.Message' (OnClassCondition)

   JmxAutoConfiguration:
      Did not match:
         - @ConditionalOnProperty (spring.jmx.enabled=true) found different value in property 'enabled' (OnPropertyCondition)
      Matched:
         - @ConditionalOnClass found required class 'org.springframework.jmx.export.MBeanExporter' (OnClassCondition)

   JndiConnectionFactoryAutoConfiguration:
      Did not match:
         - @ConditionalOnClass did not find required class 'org.springframework.jms.core.JmsTemplate' (OnClassCondition)

   JndiDataSourceAutoConfiguration:
      Did not match:
         - @ConditionalOnProperty (spring.datasource.jndi-name) did not find property 'jndi-name' (OnPropertyCondition)
      Matched:
         - @ConditionalOnClass found required classes 'javax.sql.DataSource', 'org.springframework.jdbc.datasource.embedded.EmbeddedDatabaseType' (OnClassCondition)

   JndiJtaConfiguration:
      Did not match:
         - @ConditionalOnJndi JNDI environment is not available (OnJndiCondition)
      Matched:
         - @ConditionalOnClass found required class 'org.springframework.transaction.jta.JtaTransactionManager' (OnClassCondition)

   JooqAutoConfiguration:
      Did not match:
         - @ConditionalOnClass did not find required class 'org.jooq.DSLContext' (OnClassCondition)

   JpaBaseConfiguration.JpaWebConfiguration:
      Did not match:
         - @ConditionalOnProperty (spring.jpa.open-in-view=true) found different value in property 'open-in-view' (OnPropertyCondition)
      Matched:
         - @ConditionalOnClass found required class 'org.springframework.web.servlet.config.annotation.WebMvcConfigurer' (OnClassCondition)
         - found 'session' scope (OnWebApplicationCondition)

   JpaRepositoriesAutoConfiguration#entityManagerFactoryBootstrapExecutorCustomizer:
      Did not match:
         - AnyNestedCondition 0 matched 2 did not; NestedCondition on JpaRepositoriesAutoConfiguration.BootstrapExecutorCondition.LazyBootstrapMode @ConditionalOnProperty (spring.data.jpa.repositories.bootstrap-mode=lazy) did not find property 'bootstrap-mode'; NestedCondition on JpaRepositoriesAutoConfiguration.BootstrapExecutorCondition.DeferredBootstrapMode @ConditionalOnProperty (spring.data.jpa.repositories.bootstrap-mode=deferred) did not find property 'bootstrap-mode' (JpaRepositoriesAutoConfiguration.BootstrapExecutorCondition)

   JsonbAutoConfiguration:
      Did not match:
         - @ConditionalOnClass did not find required class 'jakarta.json.bind.Jsonb' (OnClassCondition)

   JsonbHttpMessageConvertersConfiguration:
      Did not match:
         - @ConditionalOnClass did not find required class 'jakarta.json.bind.Jsonb' (OnClassCondition)

   KafkaAutoConfiguration:
      Did not match:
         - @ConditionalOnClass did not find required class 'org.springframework.kafka.core.KafkaTemplate' (OnClassCondition)

   LdapAutoConfiguration:
      Did not match:
         - @ConditionalOnClass did not find required class 'org.springframework.ldap.core.ContextSource' (OnClassCondition)

   LdapRepositoriesAutoConfiguration:
      Did not match:
         - @ConditionalOnClass did not find required class 'org.springframework.data.ldap.repository.LdapRepository' (OnClassCondition)

   LiquibaseAutoConfiguration:
      Did not match:
         - @ConditionalOnClass did not find required class 'liquibase.change.DatabaseChange' (OnClassCondition)

   MailSenderAutoConfiguration:
      Did not match:
         - @ConditionalOnClass did not find required class 'jakarta.mail.internet.MimeMessage' (OnClassCondition)

   MailSenderValidatorAutoConfiguration:
      Did not match:
         - @ConditionalOnSingleCandidate did not find required type 'org.springframework.mail.javamail.JavaMailSenderImpl' (OnBeanCondition)

   MessageSourceAutoConfiguration:
      Did not match:
         - ResourceBundle did not find bundle with basename messages (MessageSourceAutoConfiguration.ResourceBundleCondition)

   MockMvcAutoConfiguration#dispatcherServlet:
      Did not match:
         - @ConditionalOnMissingBean (types: org.springframework.web.servlet.DispatcherServlet; SearchStrategy: all) found beans of type 'org.springframework.web.servlet.DispatcherServlet' dispatcherServlet (OnBeanCondition)

   MockMvcAutoConfiguration#dispatcherServletPath:
      Did not match:
         - @ConditionalOnMissingBean (types: org.springframework.boot.autoconfigure.web.servlet.DispatcherServletPath; SearchStrategy: all) found beans of type 'org.springframework.boot.autoconfigure.web.servlet.DispatcherServletPath' dispatcherServletRegistration (OnBeanCondition)

   MockMvcAutoConfiguration.WebTestClientMockMvcConfiguration:
      Did not match:
         - @ConditionalOnClass did not find required class 'org.springframework.web.reactive.function.client.WebClient' (OnClassCondition)

   MockMvcWebClientAutoConfiguration:
      Did not match:
         - @ConditionalOnClass did not find required class 'com.gargoylesoftware.htmlunit.WebClient' (OnClassCondition)

   MockMvcWebDriverAutoConfiguration:
      Did not match:
         - @ConditionalOnClass did not find required class 'org.openqa.selenium.htmlunit.HtmlUnitDriver' (OnClassCondition)

   MongoAutoConfiguration:
      Did not match:
         - @ConditionalOnClass did not find required class 'com.mongodb.client.MongoClient' (OnClassCondition)

   MongoDataAutoConfiguration:
      Did not match:
         - @ConditionalOnClass did not find required class 'com.mongodb.client.MongoClient' (OnClassCondition)

   MongoReactiveAutoConfiguration:
      Did not match:
         - @ConditionalOnClass did not find required class 'com.mongodb.reactivestreams.client.MongoClient' (OnClassCondition)

   MongoReactiveDataAutoConfiguration:
      Did not match:
         - @ConditionalOnClass did not find required class 'com.mongodb.reactivestreams.client.MongoClient' (OnClassCondition)

   MongoReactiveRepositoriesAutoConfiguration:
      Did not match:
         - @ConditionalOnClass did not find required class 'com.mongodb.reactivestreams.client.MongoClient' (OnClassCondition)

   MongoRepositoriesAutoConfiguration:
      Did not match:
         - @ConditionalOnClass did not find required class 'com.mongodb.client.MongoClient' (OnClassCondition)

   MustacheAutoConfiguration:
      Did not match:
         - @ConditionalOnClass did not find required class 'com.samskivert.mustache.Mustache' (OnClassCondition)

   Neo4jAutoConfiguration:
      Did not match:
         - @ConditionalOnClass did not find required class 'org.neo4j.driver.Driver' (OnClassCondition)

   Neo4jDataAutoConfiguration:
      Did not match:
         - @ConditionalOnClass did not find required class 'org.neo4j.driver.Driver' (OnClassCondition)

   Neo4jReactiveDataAutoConfiguration:
      Did not match:
         - @ConditionalOnClass did not find required class 'org.neo4j.driver.Driver' (OnClassCondition)

   Neo4jReactiveRepositoriesAutoConfiguration:
      Did not match:
         - @ConditionalOnClass did not find required class 'org.neo4j.driver.Driver' (OnClassCondition)

   Neo4jRepositoriesAutoConfiguration:
      Did not match:
         - @ConditionalOnClass did not find required class 'org.neo4j.driver.Driver' (OnClassCondition)

   NettyAutoConfiguration:
      Did not match:
         - @ConditionalOnClass did not find required class 'io.netty.util.NettyRuntime' (OnClassCondition)

   OAuth2AuthorizationServerAutoConfiguration:
      Did not match:
         - @ConditionalOnClass did not find required class 'org.springframework.security.oauth2.server.authorization.OAuth2Authorization' (OnClassCondition)

   OAuth2AuthorizationServerJwtAutoConfiguration:
      Did not match:
         - @ConditionalOnClass did not find required class 'org.springframework.security.oauth2.server.authorization.OAuth2Authorization' (OnClassCondition)

   OAuth2ClientAutoConfiguration:
      Did not match:
         - @ConditionalOnClass did not find required class 'org.springframework.security.oauth2.client.registration.ClientRegistration' (OnClassCondition)

   OAuth2ResourceServerAutoConfiguration:
      Did not match:
         - @ConditionalOnClass did not find required class 'org.springframework.security.oauth2.server.resource.authentication.BearerTokenAuthenticationToken' (OnClassCondition)

   ProjectInfoAutoConfiguration#buildProperties:
      Did not match:
         - @ConditionalOnResource did not find resource '${spring.info.build.location:classpath:META-INF/build-info.properties}' (OnResourceCondition)

   ProjectInfoAutoConfiguration#gitProperties:
      Did not match:
         - GitResource did not find git info at classpath:git.properties (ProjectInfoAutoConfiguration.GitResourceAvailableCondition)

   PulsarAutoConfiguration:
      Did not match:
         - @ConditionalOnClass did not find required class 'org.apache.pulsar.client.api.PulsarClient' (OnClassCondition)

[...]
2026-08-18T15:39:26.892+05:30 DEBUG 1832 --- [           main] org.hibernate.SQL                        : 
    select
        u1_0.id,
        u1_0.created_at,
        u1_0.email,
        u1_0.name,
        u1_0.password_hash,
        u1_0.phone,
        u1_0.role,
        u1_0.status 
    from
        users u1_0 
    where
        u1_0.email=?
2026-08-18T15:39:26.990+05:30 DEBUG 1832 --- [           main] .m.m.a.ExceptionHandlerExceptionResolver : Using @ExceptionHandler com.svlms.exception.GlobalExceptionHandler#handleUnauthorized(UnauthorizedException)
2026-08-18T15:39:26.990+05:30 DEBUG 1832 --- [           main] o.s.w.s.m.m.a.HttpEntityMethodProcessor  : Using 'application/json', given [*/*] and supported [application/json, application/*+json]
2026-08-18T15:39:26.991+05:30 DEBUG 1832 --- [           main] o.s.w.s.m.m.a.HttpEntityMethodProcessor  : Writing [{error=Invalid credentials}]
2026-08-18T15:39:26.991+05:30 DEBUG 1832 --- [           main] .m.m.a.ExceptionHandlerExceptionResolver : Resolved [com.svlms.exception.UnauthorizedException: Invalid credentials]
2026-08-18T15:39:26.993+05:30 DEBUG 1832 --- [           main] s.w.s.m.m.a.RequestMappingHandlerMapping : Mapped to com.svlms.controller.AuthController#login(LoginRequest)
2026-08-18T15:39:26.994+05:30 DEBUG 1832 --- [           main] m.m.a.RequestResponseBodyMethodProcessor : Read "application/json;charset=UTF-8" to [com.svlms.dto.request.LoginRequest@485996f7]
2026-08-18T15:39:26.995+05:30 DEBUG 1832 --- [           main] org.hibernate.SQL                        : 
    select
        u1_0.id,
        u1_0.created_at,
        u1_0.email,
        u1_0.name,
        u1_0.password_hash,
        u1_0.phone,
        u1_0.role,
        u1_0.status 
    from
        users u1_0 
    where
        u1_0.email=?
2026-08-18T15:39:27.094+05:30 DEBUG 1832 --- [           main] m.m.a.RequestResponseBodyMethodProcessor : Using 'application/json', given [*/*] and supported [application/json, application/*+json]
2026-08-18T15:39:27.095+05:30 DEBUG 1832 --- [           main] m.m.a.RequestResponseBodyMethodProcessor : Writing [com.svlms.dto.response.AuthResponse@1cbb6037]
2026-08-18T15:39:27.099+05:30 DEBUG 1832 --- [           main] s.w.s.m.m.a.RequestMappingHandlerMapping : Mapped to com.svlms.controller.AuthController#resetPassword(ResetPasswordRequest)
2026-08-18T15:39:27.101+05:30 DEBUG 1832 --- [           main] m.m.a.RequestResponseBodyMethodProcessor : Read "application/json;charset=UTF-8" to [com.svlms.dto.request.ResetPasswordRequest@2cfd91b9]
2026-08-18T15:39:27.104+05:30 DEBUG 1832 --- [           main] org.hibernate.SQL                        : 
    select
        prt1_0.id,
        prt1_0.created_at,
        prt1_0.expires_at,
        prt1_0.token,
        prt1_0.used,
        prt1_0.user_id 
    from
        password_reset_tokens prt1_0 
    where
        prt1_0.token=?
2026-08-18T15:39:27.104+05:30 DEBUG 1832 --- [           main] org.hibernate.SQL                        : 
    select
        u1_0.id,
        u1_0.created_at,
        u1_0.email,
        u1_0.name,
        u1_0.password_hash,
        u1_0.phone,
        u1_0.role,
        u1_0.status 
    from
        users u1_0 
    where
        u1_0.id=?
2026-08-18T15:39:27.105+05:30 DEBUG 1832 --- [           main] .m.m.a.ExceptionHandlerExceptionResolver : Using @ExceptionHandler com.svlms.exception.GlobalExceptionHandler#handleBadRequest(BadRequestException)
2026-08-18T15:39:27.106+05:30 DEBUG 1832 --- [           main] o.s.w.s.m.m.a.HttpEntityMethodProcessor  : Using 'application/json', given [*/*] and supported [application/json, application/*+json]
2026-08-18T15:39:27.106+05:30 DEBUG 1832 --- [           main] o.s.w.s.m.m.a.HttpEntityMethodProcessor  : Writing [{error=This reset link has already been used. Request a new one.}]
2026-08-18T15:39:27.106+05:30 DEBUG 1832 --- [           main] .m.m.a.ExceptionHandlerExceptionResolver : Resolved [com.svlms.exception.BadRequestException: This reset link has already been used. Request a new one.]
]]></system-out>
  </testcase>
  <testcase name="roleBasedAccessControl_studentCannotCreateCourse" classname="com.svlms.LmsWorkflowIntegrationTest" time="0.351">
    <system-out><![CDATA[2026-08-18T15:39:27.118+05:30 DEBUG 1832 --- [           main] s.w.s.m.m.a.RequestMappingHandlerMapping : Mapped to com.svlms.controller.AuthController#login(LoginRequest)
2026-08-18T15:39:27.119+05:30 DEBUG 1832 --- [           main] m.m.a.RequestResponseBodyMethodProcessor : Read "application/json;charset=UTF-8" to [com.svlms.dto.request.LoginRequest@3af30ab8]
2026-08-18T15:39:27.120+05:30 DEBUG 1832 --- [           main] org.hibernate.SQL                        : 
    select
        u1_0.id,
        u1_0.created_at,
        u1_0.email,
        u1_0.name,
        u1_0.password_hash,
        u1_0.phone,
        u1_0.role,
        u1_0.status 
    from
        users u1_0 
    where
        u1_0.email=?
2026-08-18T15:39:27.215+05:30 DEBUG 1832 --- [           main] m.m.a.RequestResponseBodyMethodProcessor : Using 'application/json', given [*/*] and supported [application/json, application/*+json]
2026-08-18T15:39:27.216+05:30 DEBUG 1832 --- [           main] m.m.a.RequestResponseBodyMethodProcessor : Writing [com.svlms.dto.response.AuthResponse@4afad6bd]
2026-08-18T15:39:27.221+05:30 DEBUG 1832 --- [           main] s.w.s.m.m.a.RequestMappingHandlerMapping : Mapped to com.svlms.controller.LeadController#create(CreateLeadRequest, AuthPrincipal)
2026-08-18T15:39:27.222+05:30 DEBUG 1832 --- [           main] m.m.a.RequestResponseBodyMethodProcessor : Read "application/json;charset=UTF-8" to [com.svlms.dto.request.CreateLeadRequest@5fb6fdb8]
2026-08-18T15:39:27.223+05:30 DEBUG 1832 --- [           main] org.hibernate.SQL                        : 
    select
        u1_0.id,
        u1_0.created_at,
        u1_0.email,
        u1_0.name,
        u1_0.password_hash,
        u1_0.phone,
        u1_0.role,
        u1_0.status 
    from
        users u1_0 
    where
        u1_0.id=?
2026-08-18T15:39:27.225+05:30 DEBUG 1832 --- [           main] org.hibernate.SQL                        : 
    insert 
    into
        leads
        (assigned_counselor_id, course_interested_id, created_at, email, name, notes, phone, source, status, updated_at, id) 
    values
        (?, ?, ?, ?, ?, ?, ?, ?, ?, ?, default)
2026-08-18T15:39:27.226+05:30 DEBUG 1832 --- [           main] m.m.a.RequestResponseBodyMethodProcessor : Using 'application/json', given [*/*] and supported [application/json, application/*+json]
2026-08-18T15:39:27.227+05:30 DEBUG 1832 --- [           main] m.m.a.RequestResponseBodyMethodProcessor : Writing [com.svlms.dto.response.LeadResponse@24a29d8]
2026-08-18T15:39:27.230+05:30 DEBUG 1832 --- [           main] s.w.s.m.m.a.RequestMappingHandlerMapping : Mapped to com.svlms.controller.LeadController#convert(Long, ConvertLeadRequest, AuthPrincipal)
2026-08-18T15:39:27.232+05:30 DEBUG 1832 --- [           main] m.m.a.RequestResponseBodyMethodProcessor : Read "application/json;charset=UTF-8" to [com.svlms.dto.request.ConvertLeadRequest@890196b]
2026-08-18T15:39:27.234+05:30 DEBUG 1832 --- [           main] org.hibernate.SQL                        : 
    select
        l1_0.id,
        ac1_0.id,
        ac1_0.created_at,
        ac1_0.email,
        ac1_0.name,
        ac1_0.password_hash,
        ac1_0.phone,
        ac1_0.role,
        ac1_0.status,
        ci1_0.id,
        ci1_0.code,
        ci1_0.created_at,
        ci1_0.description,
        ci1_0.duration,
        ci1_0.fee,
        ci1_0.name,
        l1_0.created_at,
        l1_0.email,
        l1_0.name,
        l1_0.notes,
        l1_0.phone,
        l1_0.source,
        l1_0.status,
        l1_0.updated_at 
    from
        leads l1_0 
    left join
        users ac1_0 
            on ac1_0.id=l1_0.assigned_counselor_id 
    left join
        courses ci1_0 
            on ci1_0.id=l1_0.course_interested_id 
    where
        l1_0.id=?
2026-08-18T15:39:27.237+05:30 DEBUG 1832 --- [           main] org.hibernate.SQL                        : 
    select
        u1_0.id 
    from
        users u1_0 
    where
        u1_0.email=? 
    fetch
        first ? rows only
2026-08-18T15:39:27.337+05:30 DEBUG 1832 --- [           main] org.hibernate.SQL                        : 
    insert 
    into
        users
        (created_at, email, name, password_hash, phone, role, status, id) 
    values
        (?, ?, ?, ?, ?, ?, ?, default)
2026-08-18T15:39:27.339+05:30 DEBUG 1832 --- [           main] org.hibernate.SQL                        : 
    insert 
    into
        students
        (enrollment_date, lead_id, status, user_id, id) 
    values
        (?, ?, ?, ?, default)
2026-08-18T15:39:27.340+05:30 DEBUG 1832 --- [           main] org.hibernate.SQL                        : 
    update
        leads 
    set
        assigned_counselor_id=?,
        course_interested_id=?,
        email=?,
        name=?,
        notes=?,
        phone=?,
        source=?,
        status=?,
        updated_at=? 
    where
        id=?
2026-08-18T15:39:27.342+05:30 DEBUG 1832 --- [           main] m.m.a.RequestResponseBodyMethodProcessor : Using 'application/json', given [*/*] and supported [application/json, application/*+json]
2026-08-18T15:39:27.342+05:30 DEBUG 1832 --- [           main] m.m.a.RequestResponseBodyMethodProcessor : Writing [com.svlms.dto.response.ConvertLeadResponse@52f2d8e8]
2026-08-18T15:39:27.343+05:30 DEBUG 1832 --- [           main] s.w.s.m.m.a.RequestMappingHandlerMapping : Mapped to com.svlms.controller.AuthController#login(LoginRequest)
2026-08-18T15:39:27.345+05:30 DEBUG 1832 --- [           main] m.m.a.RequestResponseBodyMethodProcessor : Read "application/json;charset=UTF-8" to [com.svlms.dto.request.LoginRequest@4913465d]
2026-08-18T15:39:27.348+05:30 DEBUG 1832 --- [           main] org.hibernate.SQL                        : 
    select
        u1_0.id,
        u1_0.created_at,
        u1_0.email,
        u1_0.name,
        u1_0.password_hash,
        u1_0.phone,
        u1_0.role,
        u1_0.status 
    from
        users u1_0 
    where
        u1_0.email=?
2026-08-18T15:39:27.450+05:30 DEBUG 1832 --- [           main] m.m.a.RequestResponseBodyMethodProcessor : Using 'application/json', given [*/*] and supported [application/json, application/*+json]
2026-08-18T15:39:27.451+05:30 DEBUG 1832 --- [           main] m.m.a.RequestResponseBodyMethodProcessor : Writing [com.svlms.dto.response.AuthResponse@7c057419]
2026-08-18T15:39:27.454+05:30 DEBUG 1832 --- [           main] s.w.s.m.m.a.RequestMappingHandlerMapping : Mapped to com.svlms.controller.CourseController#create(CreateCourseRequest)
2026-08-18T15:39:27.456+05:30 DEBUG 1832 --- [           main] m.m.a.RequestResponseBodyMethodProcessor : Read "application/json;charset=UTF-8" to [com.svlms.dto.request.CreateCourseRequest@4e4d6172]
2026-08-18T15:39:27.458+05:30 DEBUG 1832 --- [           main] .m.m.a.ExceptionHandlerExceptionResolver : Using @ExceptionHandler com.svlms.exception.GlobalExceptionHandler#handleAccessDenied(Exception)
2026-08-18T15:39:27.458+05:30 DEBUG 1832 --- [           main] o.s.w.s.m.m.a.HttpEntityMethodProcessor  : Using 'application/json', given [*/*] and supported [application/json, application/*+json]
2026-08-18T15:39:27.459+05:30 DEBUG 1832 --- [           main] o.s.w.s.m.m.a.HttpEntityMethodProcessor  : Writing [{error=Access denied}]
2026-08-18T15:39:27.459+05:30 DEBUG 1832 --- [           main] .m.m.a.ExceptionHandlerExceptionResolver : Resolved [org.springframework.security.authorization.AuthorizationDeniedException: Access Denied]
]]></system-out>
  </testcase>
  <testcase name="adminRole_canCreateStaffButNotSuperAdminOrAdmin" classname="com.svlms.LmsWorkflowIntegrationTest" time="0.555">
    <system-out><![CDATA[2026-08-18T15:39:27.472+05:30 DEBUG 1832 --- [           main] s.w.s.m.m.a.RequestMappingHandlerMapping : Mapped to com.svlms.controller.AuthController#login(LoginRequest)
2026-08-18T15:39:27.473+05:30 DEBUG 1832 --- [           main] m.m.a.RequestResponseBodyMethodProcessor : Read "application/json;charset=UTF-8" to [com.svlms.dto.request.LoginRequest@5e324000]
2026-08-18T15:39:27.476+05:30 DEBUG 1832 --- [           main] org.hibernate.SQL                        : 
    select
        u1_0.id,
        u1_0.created_at,
        u1_0.email,
        u1_0.name,
        u1_0.password_hash,
        u1_0.phone,
        u1_0.role,
        u1_0.status 
    from
        users u1_0 
    where
        u1_0.email=?
2026-08-18T15:39:27.578+05:30 DEBUG 1832 --- [           main] m.m.a.RequestResponseBodyMethodProcessor : Using 'application/json', given [*/*] and supported [application/json, application/*+json]
2026-08-18T15:39:27.578+05:30 DEBUG 1832 --- [           main] m.m.a.RequestResponseBodyMethodProcessor : Writing [com.svlms.dto.response.AuthResponse@519e110b]
2026-08-18T15:39:27.586+05:30 DEBUG 1832 --- [           main] s.w.s.m.m.a.RequestMappingHandlerMapping : Mapped to com.svlms.controller.UserController#create(CreateUserRequest, AuthPrincipal)
2026-08-18T15:39:27.586+05:30 DEBUG 1832 --- [           main] m.m.a.RequestResponseBodyMethodProcessor : Read "application/json;charset=UTF-8" to [com.svlms.dto.request.CreateUserRequest@447dec7e]
2026-08-18T15:39:27.587+05:30 DEBUG 1832 --- [           main] org.hibernate.SQL                        : 
    select
        u1_0.id 
    from
        users u1_0 
    where
        u1_0.email=? 
    fetch
        first ? rows only
2026-08-18T15:39:27.709+05:30 DEBUG 1832 --- [           main] org.hibernate.SQL                        : 
    insert 
    into
        users
        (created_at, email, name, password_hash, phone, role, status, id) 
    values
        (?, ?, ?, ?, ?, ?, ?, default)
2026-08-18T15:39:27.712+05:30 DEBUG 1832 --- [           main] m.m.a.RequestResponseBodyMethodProcessor : Using 'application/json', given [*/*] and supported [application/json, application/*+json]
2026-08-18T15:39:27.712+05:30 DEBUG 1832 --- [           main] m.m.a.RequestResponseBodyMethodProcessor : Writing [com.svlms.dto.response.UserResponse@11e2de88]
2026-08-18T15:39:27.720+05:30 DEBUG 1832 --- [           main] s.w.s.m.m.a.RequestMappingHandlerMapping : Mapped to com.svlms.controller.AuthController#login(LoginRequest)
2026-08-18T15:39:27.721+05:30 DEBUG 1832 --- [           main] m.m.a.RequestResponseBodyMethodProcessor : Read "application/json;charset=UTF-8" to [com.svlms.dto.request.LoginRequest@51049621]
2026-08-18T15:39:27.724+05:30 DEBUG 1832 --- [           main] org.hibernate.SQL                        : 
    select
        u1_0.id,
        u1_0.created_at,
        u1_0.email,
        u1_0.name,
        u1_0.password_hash,
        u1_0.phone,
        u1_0.role,
        u1_0.status 
    from
        users u1_0 
    where
        u1_0.email=?
2026-08-18T15:39:27.844+05:30 DEBUG 1832 --- [           main] m.m.a.RequestResponseBodyMethodProcessor : Using 'application/json', given [*/*] and supported [application/json, application/*+json]
2026-08-18T15:39:27.845+05:30 DEBUG 1832 --- [           main] m.m.a.RequestResponseBodyMethodProcessor : Writing [com.svlms.dto.response.AuthResponse@5271c49b]
2026-08-18T15:39:27.849+05:30 DEBUG 1832 --- [           main] s.w.s.m.m.a.RequestMappingHandlerMapping : Mapped to com.svlms.controller.UserController#create(CreateUserRequest, AuthPrincipal)
2026-08-18T15:39:27.851+05:30 DEBUG 1832 --- [           main] m.m.a.RequestResponseBodyMethodProcessor : Read "application/json;charset=UTF-8" to [com.svlms.dto.request.CreateUserRequest@66b65360]
2026-08-18T15:39:27.853+05:30 DEBUG 1832 --- [           main] org.hibernate.SQL                        : 
    select
        u1_0.id 
    from
        users u1_0 
    where
        u1_0.email=? 
    fetch
        first ? rows only
2026-08-18T15:39:27.953+05:30 DEBUG 1832 --- [           main] org.hibernate.SQL                        : 
    insert 
    into
        users
        (created_at, email, name, password_hash, phone, role, status, id) 
    values
        (?, ?, ?, ?, ?, ?, ?, default)
2026-08-18T15:39:27.955+05:30 DEBUG 1832 --- [           main] m.m.a.RequestResponseBodyMethodProcessor : Using 'application/json', given [*/*] and supported [application/json, application/*+json]
2026-08-18T15:39:27.955+05:30 DEBUG 1832 --- [           main] m.m.a.RequestResponseBodyMethodProcessor : Writing [com.svlms.dto.response.UserResponse@72e259ca]
2026-08-18T15:39:27.958+05:30 DEBUG 1832 --- [           main] s.w.s.m.m.a.RequestMappingHandlerMapping : Mapped to com.svlms.controller.UserController#create(CreateUserRequest, AuthPrincipal)
2026-08-18T15:39:27.958+05:30 DEBUG 1832 --- [           main] m.m.a.RequestResponseBodyMethodProcessor : Read "application/json;charset=UTF-8" to [com.svlms.dto.request.CreateUserRequest@4b2713b1]
2026-08-18T15:39:27.959+05:30 DEBUG 1832 --- [           main] .m.m.a.ExceptionHandlerExceptionResolver : Using @ExceptionHandler com.svlms.exception.GlobalExceptionHandler#handleForbidden(ForbiddenException)
2026-08-18T15:39:27.959+05:30 DEBUG 1832 --- [           main] o.s.w.s.m.m.a.HttpEntityMethodProcessor  : Using 'application/json', given [*/*] and supported [application/json, application/*+json]
2026-08-18T15:39:27.959+05:30 DEBUG 1832 --- [           main] o.s.w.s.m.m.a.HttpEntityMethodProcessor  : Writing [{error=Admin cannot create Super Admin or Admin accounts}]
2026-08-18T15:39:27.960+05:30 DEBUG 1832 --- [           main] .m.m.a.ExceptionHandlerExceptionResolver : Resolved [com.svlms.exception.ForbiddenException: Admin cannot create Super Admin or Admin accounts]
2026-08-18T15:39:27.965+05:30 DEBUG 1832 --- [           main] s.w.s.m.m.a.RequestMappingHandlerMapping : Mapped to com.svlms.controller.UserController#create(CreateUserRequest, AuthPrincipal)
2026-08-18T15:39:27.966+05:30 DEBUG 1832 --- [           main] m.m.a.RequestResponseBodyMethodProcessor : Read "application/json;charset=UTF-8" to [com.svlms.dto.request.CreateUserRequest@604a9d87]
2026-08-18T15:39:27.967+05:30 DEBUG 1832 --- [           main] .m.m.a.ExceptionHandlerExceptionResolver : Using @ExceptionHandler com.svlms.exception.GlobalExceptionHandler#handleForbidden(ForbiddenException)
2026-08-18T15:39:27.968+05:30 DEBUG 1832 --- [           main] o.s.w.s.m.m.a.HttpEntityMethodProcessor  : Using 'application/json', given [*/*] and supported [application/json, application/*+json]
2026-08-18T15:39:27.968+05:30 DEBUG 1832 --- [           main] o.s.w.s.m.m.a.HttpEntityMethodProcessor  : Writing [{error=Admin cannot create Super Admin or Admin accounts}]
2026-08-18T15:39:27.968+05:30 DEBUG 1832 --- [           main] .m.m.a.ExceptionHandlerExceptionResolver : Resolved [com.svlms.exception.ForbiddenException: Admin cannot create Super Admin or Admin accounts]
2026-08-18T15:39:27.970+05:30 DEBUG 1832 --- [           main] s.w.s.m.m.a.RequestMappingHandlerMapping : Mapped to com.svlms.controller.CourseController#create(CreateCourseRequest)
2026-08-18T15:39:27.970+05:30 DEBUG 1832 --- [           main] m.m.a.RequestResponseBodyMethodProcessor : Read "application/json;charset=UTF-8" to [com.svlms.dto.request.CreateCourseRequest@1c3dadce]
2026-08-18T15:39:27.971+05:30 DEBUG 1832 --- [           main] org.hibernate.SQL                        : 
    insert 
    into
        courses
        (code, created_at, description, duration, fee, name, id) 
    values
        (?, ?, ?, ?, ?, ?, default)
2026-08-18T15:39:27.978+05:30 DEBUG 1832 --- [           main] m.m.a.RequestResponseBodyMethodProcessor : Using 'application/json', given [*/*] and supported [application/json, application/*+json]
2026-08-18T15:39:27.979+05:30 DEBUG 1832 --- [           main] m.m.a.RequestResponseBodyMethodProcessor : Writing [com.svlms.entity.Course@48bd8247]
]]></system-out>
  </testcase>
</testsuite>